Sep 10, 2018 7:05:37 PM org.apache.catalina.core.AprLifecycleListener init
WARNING: The APR based Apache Tomcat Native library failed to load. The error reported was [C:\adt-bundle\13 - apache-tomcat-7.0.70\apache-tomcat-7.0.70\bin\tcnative-1.dll: Can't load IA 32-bit .dll on a AMD 64-bit platform]
java.lang.UnsatisfiedLinkError: C:\adt-bundle\13 - apache-tomcat-7.0.70\apache-tomcat-7.0.70\bin\tcnative-1.dll: Can't load IA 32-bit .dll on a AMD 64-bit platform
	at java.lang.ClassLoader$NativeLibrary.load(Native Method)
	at java.lang.ClassLoader.loadLibrary1(ClassLoader.java:1965)
	at java.lang.ClassLoader.loadLibrary0(ClassLoader.java:1890)
	at java.lang.ClassLoader.loadLibrary(ClassLoader.java:1880)
	at java.lang.Runtime.loadLibrary0(Runtime.java:849)
	at java.lang.System.loadLibrary(System.java:1088)
	at org.apache.tomcat.jni.Library.<init>(Library.java:42)
	at org.apache.tomcat.jni.Library.initialize(Library.java:178)
	at org.apache.catalina.core.AprLifecycleListener.init(AprLifecycleListener.java:201)
	at org.apache.catalina.core.AprLifecycleListener.isAprAvailable(AprLifecycleListener.java:109)
	at org.apache.catalina.connector.Connector.setProtocol(Connector.java:592)
	at org.apache.catalina.connector.Connector.<init>(Connector.java:66)
	at org.apache.catalina.startup.ConnectorCreateRule.begin(ConnectorCreateRule.java:62)
	at org.apache.tomcat.util.digester.Digester.startElement(Digester.java:1282)
	at com.sun.org.apache.xerces.internal.parsers.AbstractSAXParser.startElement(AbstractSAXParser.java:509)
	at com.sun.org.apache.xerces.internal.parsers.AbstractXMLDocumentParser.emptyElement(AbstractXMLDocumentParser.java:182)
	at com.sun.org.apache.xerces.internal.impl.XMLDocumentFragmentScannerImpl.scanStartElement(XMLDocumentFragmentScannerImpl.java:1343)
	at com.sun.org.apache.xerces.internal.impl.XMLDocumentFragmentScannerImpl$FragmentContentDriver.next(XMLDocumentFragmentScannerImpl.java:2786)
	at com.sun.org.apache.xerces.internal.impl.XMLDocumentScannerImpl.next(XMLDocumentScannerImpl.java:606)
	at com.sun.org.apache.xerces.internal.impl.XMLDocumentFragmentScannerImpl.scanDocument(XMLDocumentFragmentScannerImpl.java:510)
	at com.sun.org.apache.xerces.internal.parsers.XML11Configuration.parse(XML11Configuration.java:848)
	at com.sun.org.apache.xerces.internal.parsers.XML11Configuration.parse(XML11Configuration.java:777)
	at com.sun.org.apache.xerces.internal.parsers.XMLParser.parse(XMLParser.java:141)
	at com.sun.org.apache.xerces.internal.parsers.AbstractSAXParser.parse(AbstractSAXParser.java:1213)
	at com.sun.org.apache.xerces.internal.jaxp.SAXParserImpl$JAXPSAXParser.parse(SAXParserImpl.java:648)
	at org.apache.tomcat.util.digester.Digester.parse(Digester.java:1555)
	at org.apache.catalina.startup.Catalina.load(Catalina.java:616)
	at org.apache.catalina.startup.Catalina.load(Catalina.java:667)
	at sun.reflect.NativeMethodAccessorImpl.invoke0(Native Method)
	at sun.reflect.NativeMethodAccessorImpl.invoke(NativeMethodAccessorImpl.java:57)
	at sun.reflect.DelegatingMethodAccessorImpl.invoke(DelegatingMethodAccessorImpl.java:43)
	at java.lang.reflect.Method.invoke(Method.java:606)
	at org.apache.catalina.startup.Bootstrap.load(Bootstrap.java:253)
	at org.apache.catalina.startup.Bootstrap.main(Bootstrap.java:427)

Sep 10, 2018 7:05:38 PM org.apache.catalina.startup.VersionLoggerListener log
INFO: Server version:        Apache Tomcat/7.0.70
Sep 10, 2018 7:05:38 PM org.apache.catalina.startup.VersionLoggerListener log
INFO: Server built:          Jun 15 2016 16:27:45 UTC
Sep 10, 2018 7:05:38 PM org.apache.catalina.startup.VersionLoggerListener log
INFO: Server number:         7.0.70.0
Sep 10, 2018 7:05:38 PM org.apache.catalina.startup.VersionLoggerListener log
INFO: OS Name:               Windows 8.1
Sep 10, 2018 7:05:38 PM org.apache.catalina.startup.VersionLoggerListener log
INFO: OS Version:            6.3
Sep 10, 2018 7:05:38 PM org.apache.catalina.startup.VersionLoggerListener log
INFO: Architecture:          amd64
Sep 10, 2018 7:05:38 PM org.apache.catalina.startup.VersionLoggerListener log
INFO: Java Home:             C:\Program Files\Java\jdk1.7.0_79\jre
Sep 10, 2018 7:05:38 PM org.apache.catalina.startup.VersionLoggerListener log
INFO: JVM Version:           1.7.0_79-b15
Sep 10, 2018 7:05:38 PM org.apache.catalina.startup.VersionLoggerListener log
INFO: JVM Vendor:            Oracle Corporation
Sep 10, 2018 7:05:38 PM org.apache.catalina.startup.VersionLoggerListener log
INFO: CATALINA_BASE:         C:\adt-bundle\13 - apache-tomcat-7.0.70\apache-tomcat-7.0.70
Sep 10, 2018 7:05:38 PM org.apache.catalina.startup.VersionLoggerListener log
INFO: CATALINA_HOME:         C:\adt-bundle\13 - apache-tomcat-7.0.70\apache-tomcat-7.0.70
Sep 10, 2018 7:05:38 PM org.apache.catalina.startup.VersionLoggerListener log
INFO: Command line argument: -Djdk.tls.ephemeralDHKeySize=2048
Sep 10, 2018 7:05:38 PM org.apache.catalina.startup.VersionLoggerListener log
INFO: Command line argument: -Djava.util.logging.config.file=C:\adt-bundle\13 - apache-tomcat-7.0.70\apache-tomcat-7.0.70\conf\logging.properties
Sep 10, 2018 7:05:38 PM org.apache.catalina.startup.VersionLoggerListener log
INFO: Command line argument: -Djava.util.logging.manager=org.apache.juli.ClassLoaderLogManager
Sep 10, 2018 7:05:38 PM org.apache.catalina.startup.VersionLoggerListener log
INFO: Command line argument: -Djava.endorsed.dirs=C:\adt-bundle\13 - apache-tomcat-7.0.70\apache-tomcat-7.0.70\endorsed
Sep 10, 2018 7:05:38 PM org.apache.catalina.startup.VersionLoggerListener log
INFO: Command line argument: -Dcatalina.base=C:\adt-bundle\13 - apache-tomcat-7.0.70\apache-tomcat-7.0.70
Sep 10, 2018 7:05:38 PM org.apache.catalina.startup.VersionLoggerListener log
INFO: Command line argument: -Dcatalina.home=C:\adt-bundle\13 - apache-tomcat-7.0.70\apache-tomcat-7.0.70
Sep 10, 2018 7:05:38 PM org.apache.catalina.startup.VersionLoggerListener log
INFO: Command line argument: -Djava.io.tmpdir=C:\adt-bundle\13 - apache-tomcat-7.0.70\apache-tomcat-7.0.70\temp
Sep 10, 2018 7:05:40 PM org.apache.coyote.AbstractProtocol init
INFO: Initializing ProtocolHandler ["http-bio-8080"]
Sep 10, 2018 7:05:40 PM org.apache.coyote.AbstractProtocol init
INFO: Initializing ProtocolHandler ["ajp-bio-8009"]
Sep 10, 2018 7:05:40 PM org.apache.catalina.startup.Catalina load
INFO: Initialization processed in 4278 ms
Sep 10, 2018 7:05:40 PM org.apache.catalina.core.StandardService startInternal
INFO: Starting service Catalina
Sep 10, 2018 7:05:40 PM org.apache.catalina.core.StandardEngine startInternal
INFO: Starting Servlet Engine: Apache Tomcat/7.0.70
Sep 10, 2018 7:05:40 PM org.apache.catalina.startup.HostConfig deployDescriptor
INFO: Deploying configuration descriptor C:\adt-bundle\13 - apache-tomcat-7.0.70\apache-tomcat-7.0.70\conf\Catalina\localhost\MVC.xml
Sep 10, 2018 7:05:43 PM org.apache.catalina.startup.TldConfig execute
INFO: At least one JAR was scanned for TLDs yet contained no TLDs. Enable debug logging for this logger for a complete list of JARs that were scanned but no TLDs were found in them. Skipping unneeded JARs during scanning can improve startup time and JSP compilation time.
Sep 10, 2018 7:05:43 PM org.apache.catalina.util.SessionIdGeneratorBase createSecureRandom
INFO: Creation of SecureRandom instance for session ID generation using [SHA1PRNG] took [185] milliseconds.
Sep 10, 2018 7:05:43 PM org.apache.catalina.startup.HostConfig deployDescriptor
INFO: Deployment of configuration descriptor C:\adt-bundle\13 - apache-tomcat-7.0.70\apache-tomcat-7.0.70\conf\Catalina\localhost\MVC.xml has finished in 3,617 ms
Sep 10, 2018 7:05:43 PM org.apache.catalina.startup.HostConfig deployDirectory
INFO: Deploying web application directory C:\adt-bundle\13 - apache-tomcat-7.0.70\apache-tomcat-7.0.70\webapps\docs
Sep 10, 2018 7:05:44 PM org.apache.catalina.startup.HostConfig deployDirectory
INFO: Deployment of web application directory C:\adt-bundle\13 - apache-tomcat-7.0.70\apache-tomcat-7.0.70\webapps\docs has finished in 259 ms
Sep 10, 2018 7:05:44 PM org.apache.catalina.startup.HostConfig deployDirectory
INFO: Deploying web application directory C:\adt-bundle\13 - apache-tomcat-7.0.70\apache-tomcat-7.0.70\webapps\examples
Sep 10, 2018 7:05:49 PM org.apache.catalina.startup.HostConfig deployDirectory
INFO: Deployment of web application directory C:\adt-bundle\13 - apache-tomcat-7.0.70\apache-tomcat-7.0.70\webapps\examples has finished in 4,792 ms
Sep 10, 2018 7:05:49 PM org.apache.catalina.startup.HostConfig deployDirectory
INFO: Deploying web application directory C:\adt-bundle\13 - apache-tomcat-7.0.70\apache-tomcat-7.0.70\webapps\host-manager
Sep 10, 2018 7:05:49 PM org.apache.catalina.startup.HostConfig deployDirectory
INFO: Deployment of web application directory C:\adt-bundle\13 - apache-tomcat-7.0.70\apache-tomcat-7.0.70\webapps\host-manager has finished in 214 ms
Sep 10, 2018 7:05:49 PM org.apache.catalina.startup.HostConfig deployDirectory
INFO: Deploying web application directory C:\adt-bundle\13 - apache-tomcat-7.0.70\apache-tomcat-7.0.70\webapps\manager
Sep 10, 2018 7:05:49 PM org.apache.catalina.startup.HostConfig deployDirectory
INFO: Deployment of web application directory C:\adt-bundle\13 - apache-tomcat-7.0.70\apache-tomcat-7.0.70\webapps\manager has finished in 168 ms
Sep 10, 2018 7:05:49 PM org.apache.catalina.startup.HostConfig deployDirectory
INFO: Deploying web application directory C:\adt-bundle\13 - apache-tomcat-7.0.70\apache-tomcat-7.0.70\webapps\ROOT
Sep 10, 2018 7:05:49 PM org.apache.catalina.startup.HostConfig deployDirectory
INFO: Deployment of web application directory C:\adt-bundle\13 - apache-tomcat-7.0.70\apache-tomcat-7.0.70\webapps\ROOT has finished in 233 ms
Sep 10, 2018 7:05:49 PM org.apache.coyote.AbstractProtocol start
INFO: Starting ProtocolHandler ["http-bio-8080"]
Sep 10, 2018 7:05:49 PM org.apache.coyote.AbstractProtocol start
INFO: Starting ProtocolHandler ["ajp-bio-8009"]
Sep 10, 2018 7:05:49 PM org.apache.catalina.startup.Catalina start
INFO: Server startup in 9519 ms
Sep 10, 2018 7:05:52 PM org.apache.catalina.startup.TldConfig execute
INFO: At least one JAR was scanned for TLDs yet contained no TLDs. Enable debug logging for this logger for a complete list of JARs that were scanned but no TLDs were found in them. Skipping unneeded JARs during scanning can improve startup time and JSP compilation time.
Sep 10, 2018 7:09:58 PM org.apache.catalina.core.StandardContext reload
INFO: Reloading Context with name [/MVC] has started
Sep 10, 2018 7:10:05 PM org.apache.catalina.startup.TldConfig execute
INFO: At least one JAR was scanned for TLDs yet contained no TLDs. Enable debug logging for this logger for a complete list of JARs that were scanned but no TLDs were found in them. Skipping unneeded JARs during scanning can improve startup time and JSP compilation time.
Sep 10, 2018 7:10:05 PM org.apache.catalina.core.StandardContext reload
INFO: Reloading Context with name [/MVC] is completed
Sep 10, 2018 7:11:26 PM org.apache.catalina.core.StandardServer await
INFO: A valid shutdown command was received via the shutdown port. Stopping the Server instance.
Sep 10, 2018 7:11:26 PM org.apache.coyote.AbstractProtocol pause
INFO: Pausing ProtocolHandler ["http-bio-8080"]
Sep 10, 2018 7:11:26 PM org.apache.coyote.AbstractProtocol pause
INFO: Pausing ProtocolHandler ["ajp-bio-8009"]
Sep 10, 2018 7:11:26 PM org.apache.catalina.core.StandardService stopInternal
INFO: Stopping service Catalina
Sep 10, 2018 7:11:26 PM org.apache.coyote.AbstractProtocol stop
INFO: Stopping ProtocolHandler ["http-bio-8080"]
Sep 10, 2018 7:11:26 PM org.apache.coyote.AbstractProtocol stop
INFO: Stopping ProtocolHandler ["ajp-bio-8009"]
Sep 10, 2018 7:11:26 PM org.apache.coyote.AbstractProtocol destroy
INFO: Destroying ProtocolHandler ["http-bio-8080"]
Sep 10, 2018 7:11:26 PM org.apache.coyote.AbstractProtocol destroy
INFO: Destroying ProtocolHandler ["ajp-bio-8009"]
Sep 10, 2018 7:11:39 PM org.apache.catalina.core.AprLifecycleListener init
WARNING: The APR based Apache Tomcat Native library failed to load. The error reported was [C:\adt-bundle\13 - apache-tomcat-7.0.70\apache-tomcat-7.0.70\bin\tcnative-1.dll: Can't load IA 32-bit .dll on a AMD 64-bit platform]
java.lang.UnsatisfiedLinkError: C:\adt-bundle\13 - apache-tomcat-7.0.70\apache-tomcat-7.0.70\bin\tcnative-1.dll: Can't load IA 32-bit .dll on a AMD 64-bit platform
	at java.lang.ClassLoader$NativeLibrary.load(Native Method)
	at java.lang.ClassLoader.loadLibrary1(ClassLoader.java:1965)
	at java.lang.ClassLoader.loadLibrary0(ClassLoader.java:1890)
	at java.lang.ClassLoader.loadLibrary(ClassLoader.java:1880)
	at java.lang.Runtime.loadLibrary0(Runtime.java:849)
	at java.lang.System.loadLibrary(System.java:1088)
	at org.apache.tomcat.jni.Library.<init>(Library.java:42)
	at org.apache.tomcat.jni.Library.initialize(Library.java:178)
	at org.apache.catalina.core.AprLifecycleListener.init(AprLifecycleListener.java:201)
	at org.apache.catalina.core.AprLifecycleListener.isAprAvailable(AprLifecycleListener.java:109)
	at org.apache.catalina.connector.Connector.setProtocol(Connector.java:592)
	at org.apache.catalina.connector.Connector.<init>(Connector.java:66)
	at org.apache.catalina.startup.ConnectorCreateRule.begin(ConnectorCreateRule.java:62)
	at org.apache.tomcat.util.digester.Digester.startElement(Digester.java:1282)
	at com.sun.org.apache.xerces.internal.parsers.AbstractSAXParser.startElement(AbstractSAXParser.java:509)
	at com.sun.org.apache.xerces.internal.parsers.AbstractXMLDocumentParser.emptyElement(AbstractXMLDocumentParser.java:182)
	at com.sun.org.apache.xerces.internal.impl.XMLDocumentFragmentScannerImpl.scanStartElement(XMLDocumentFragmentScannerImpl.java:1343)
	at com.sun.org.apache.xerces.internal.impl.XMLDocumentFragmentScannerImpl$FragmentContentDriver.next(XMLDocumentFragmentScannerImpl.java:2786)
	at com.sun.org.apache.xerces.internal.impl.XMLDocumentScannerImpl.next(XMLDocumentScannerImpl.java:606)
	at com.sun.org.apache.xerces.internal.impl.XMLDocumentFragmentScannerImpl.scanDocument(XMLDocumentFragmentScannerImpl.java:510)
	at com.sun.org.apache.xerces.internal.parsers.XML11Configuration.parse(XML11Configuration.java:848)
	at com.sun.org.apache.xerces.internal.parsers.XML11Configuration.parse(XML11Configuration.java:777)
	at com.sun.org.apache.xerces.internal.parsers.XMLParser.parse(XMLParser.java:141)
	at com.sun.org.apache.xerces.internal.parsers.AbstractSAXParser.parse(AbstractSAXParser.java:1213)
	at com.sun.org.apache.xerces.internal.jaxp.SAXParserImpl$JAXPSAXParser.parse(SAXParserImpl.java:648)
	at org.apache.tomcat.util.digester.Digester.parse(Digester.java:1555)
	at org.apache.catalina.startup.Catalina.load(Catalina.java:616)
	at org.apache.catalina.startup.Catalina.load(Catalina.java:667)
	at sun.reflect.NativeMethodAccessorImpl.invoke0(Native Method)
	at sun.reflect.NativeMethodAccessorImpl.invoke(NativeMethodAccessorImpl.java:57)
	at sun.reflect.DelegatingMethodAccessorImpl.invoke(DelegatingMethodAccessorImpl.java:43)
	at java.lang.reflect.Method.invoke(Method.java:606)
	at org.apache.catalina.startup.Bootstrap.load(Bootstrap.java:253)
	at org.apache.catalina.startup.Bootstrap.main(Bootstrap.java:427)

Sep 10, 2018 7:11:41 PM org.apache.catalina.startup.VersionLoggerListener log
INFO: Server version:        Apache Tomcat/7.0.70
Sep 10, 2018 7:11:41 PM org.apache.catalina.startup.VersionLoggerListener log
INFO: Server built:          Jun 15 2016 16:27:45 UTC
Sep 10, 2018 7:11:41 PM org.apache.catalina.startup.VersionLoggerListener log
INFO: Server number:         7.0.70.0
Sep 10, 2018 7:11:41 PM org.apache.catalina.startup.VersionLoggerListener log
INFO: OS Name:               Windows 8.1
Sep 10, 2018 7:11:41 PM org.apache.catalina.startup.VersionLoggerListener log
INFO: OS Version:            6.3
Sep 10, 2018 7:11:41 PM org.apache.catalina.startup.VersionLoggerListener log
INFO: Architecture:          amd64
Sep 10, 2018 7:11:41 PM org.apache.catalina.startup.VersionLoggerListener log
INFO: Java Home:             C:\Program Files\Java\jdk1.7.0_79\jre
Sep 10, 2018 7:11:41 PM org.apache.catalina.startup.VersionLoggerListener log
INFO: JVM Version:           1.7.0_79-b15
Sep 10, 2018 7:11:41 PM org.apache.catalina.startup.VersionLoggerListener log
INFO: JVM Vendor:            Oracle Corporation
Sep 10, 2018 7:11:41 PM org.apache.catalina.startup.VersionLoggerListener log
INFO: CATALINA_BASE:         C:\adt-bundle\13 - apache-tomcat-7.0.70\apache-tomcat-7.0.70
Sep 10, 2018 7:11:41 PM org.apache.catalina.startup.VersionLoggerListener log
INFO: CATALINA_HOME:         C:\adt-bundle\13 - apache-tomcat-7.0.70\apache-tomcat-7.0.70
Sep 10, 2018 7:11:41 PM org.apache.catalina.startup.VersionLoggerListener log
INFO: Command line argument: -Djdk.tls.ephemeralDHKeySize=2048
Sep 10, 2018 7:11:41 PM org.apache.catalina.startup.VersionLoggerListener log
INFO: Command line argument: -Djava.util.logging.config.file=C:\adt-bundle\13 - apache-tomcat-7.0.70\apache-tomcat-7.0.70\conf\logging.properties
Sep 10, 2018 7:11:41 PM org.apache.catalina.startup.VersionLoggerListener log
INFO: Command line argument: -Djava.util.logging.manager=org.apache.juli.ClassLoaderLogManager
Sep 10, 2018 7:11:41 PM org.apache.catalina.startup.VersionLoggerListener log
INFO: Command line argument: -agentlib:jdwp=transport=dt_shmem,address=tomcat_shared_memory_id,server=y,suspend=n
Sep 10, 2018 7:11:41 PM org.apache.catalina.startup.VersionLoggerListener log
INFO: Command line argument: -Djava.endorsed.dirs=C:\adt-bundle\13 - apache-tomcat-7.0.70\apache-tomcat-7.0.70\endorsed
Sep 10, 2018 7:11:41 PM org.apache.catalina.startup.VersionLoggerListener log
INFO: Command line argument: -Dcatalina.base=C:\adt-bundle\13 - apache-tomcat-7.0.70\apache-tomcat-7.0.70
Sep 10, 2018 7:11:41 PM org.apache.catalina.startup.VersionLoggerListener log
INFO: Command line argument: -Dcatalina.home=C:\adt-bundle\13 - apache-tomcat-7.0.70\apache-tomcat-7.0.70
Sep 10, 2018 7:11:41 PM org.apache.catalina.startup.VersionLoggerListener log
INFO: Command line argument: -Djava.io.tmpdir=C:\adt-bundle\13 - apache-tomcat-7.0.70\apache-tomcat-7.0.70\temp
Sep 10, 2018 7:11:45 PM org.apache.coyote.AbstractProtocol init
INFO: Initializing ProtocolHandler ["http-bio-8080"]
Sep 10, 2018 7:11:45 PM org.apache.coyote.AbstractProtocol init
INFO: Initializing ProtocolHandler ["ajp-bio-8009"]
Sep 10, 2018 7:11:45 PM org.apache.catalina.startup.Catalina load
INFO: Initialization processed in 10414 ms
Sep 10, 2018 7:11:46 PM org.apache.catalina.core.StandardService startInternal
INFO: Starting service Catalina
Sep 10, 2018 7:11:46 PM org.apache.catalina.core.StandardEngine startInternal
INFO: Starting Servlet Engine: Apache Tomcat/7.0.70
Sep 10, 2018 7:11:47 PM org.apache.catalina.startup.HostConfig deployDescriptor
INFO: Deploying configuration descriptor C:\adt-bundle\13 - apache-tomcat-7.0.70\apache-tomcat-7.0.70\conf\Catalina\localhost\MVC.xml
Sep 10, 2018 7:11:50 PM org.apache.catalina.startup.TldConfig execute
INFO: At least one JAR was scanned for TLDs yet contained no TLDs. Enable debug logging for this logger for a complete list of JARs that were scanned but no TLDs were found in them. Skipping unneeded JARs during scanning can improve startup time and JSP compilation time.
Sep 10, 2018 7:11:52 PM org.apache.catalina.util.SessionIdGeneratorBase createSecureRandom
INFO: Creation of SecureRandom instance for session ID generation using [SHA1PRNG] took [834] milliseconds.
Sep 10, 2018 7:11:53 PM org.apache.catalina.startup.HostConfig deployDescriptor
INFO: Deployment of configuration descriptor C:\adt-bundle\13 - apache-tomcat-7.0.70\apache-tomcat-7.0.70\conf\Catalina\localhost\MVC.xml has finished in 6,145 ms
Sep 10, 2018 7:11:53 PM org.apache.catalina.startup.HostConfig deployDirectory
INFO: Deploying web application directory C:\adt-bundle\13 - apache-tomcat-7.0.70\apache-tomcat-7.0.70\webapps\docs
Sep 10, 2018 7:11:53 PM org.apache.catalina.startup.HostConfig deployDirectory
INFO: Deployment of web application directory C:\adt-bundle\13 - apache-tomcat-7.0.70\apache-tomcat-7.0.70\webapps\docs has finished in 131 ms
Sep 10, 2018 7:11:53 PM org.apache.catalina.startup.HostConfig deployDirectory
INFO: Deploying web application directory C:\adt-bundle\13 - apache-tomcat-7.0.70\apache-tomcat-7.0.70\webapps\examples
Sep 10, 2018 7:12:00 PM org.apache.catalina.startup.HostConfig deployDirectory
INFO: Deployment of web application directory C:\adt-bundle\13 - apache-tomcat-7.0.70\apache-tomcat-7.0.70\webapps\examples has finished in 6,787 ms
Sep 10, 2018 7:12:00 PM org.apache.catalina.startup.HostConfig deployDirectory
INFO: Deploying web application directory C:\adt-bundle\13 - apache-tomcat-7.0.70\apache-tomcat-7.0.70\webapps\host-manager
Sep 10, 2018 7:12:00 PM org.apache.catalina.startup.HostConfig deployDirectory
INFO: Deployment of web application directory C:\adt-bundle\13 - apache-tomcat-7.0.70\apache-tomcat-7.0.70\webapps\host-manager has finished in 295 ms
Sep 10, 2018 7:12:00 PM org.apache.catalina.startup.HostConfig deployDirectory
INFO: Deploying web application directory C:\adt-bundle\13 - apache-tomcat-7.0.70\apache-tomcat-7.0.70\webapps\manager
Sep 10, 2018 7:12:00 PM org.apache.catalina.startup.HostConfig deployDirectory
INFO: Deployment of web application directory C:\adt-bundle\13 - apache-tomcat-7.0.70\apache-tomcat-7.0.70\webapps\manager has finished in 188 ms
Sep 10, 2018 7:12:00 PM org.apache.catalina.startup.HostConfig deployDirectory
INFO: Deploying web application directory C:\adt-bundle\13 - apache-tomcat-7.0.70\apache-tomcat-7.0.70\webapps\ROOT
Sep 10, 2018 7:12:00 PM org.apache.catalina.startup.HostConfig deployDirectory
INFO: Deployment of web application directory C:\adt-bundle\13 - apache-tomcat-7.0.70\apache-tomcat-7.0.70\webapps\ROOT has finished in 210 ms
Sep 10, 2018 7:12:00 PM org.apache.coyote.AbstractProtocol start
INFO: Starting ProtocolHandler ["http-bio-8080"]
Sep 10, 2018 7:12:00 PM org.apache.coyote.AbstractProtocol start
INFO: Starting ProtocolHandler ["ajp-bio-8009"]
Sep 10, 2018 7:12:00 PM org.apache.catalina.startup.Catalina start
INFO: Server startup in 15284 ms
Sep 10, 2018 7:12:20 PM org.apache.catalina.startup.HostConfig undeploy
INFO: Undeploying context [/MVC]
Sep 10, 2018 7:12:20 PM org.apache.catalina.startup.HostConfig deployDescriptor
INFO: Deploying configuration descriptor C:\adt-bundle\13 - apache-tomcat-7.0.70\apache-tomcat-7.0.70\conf\Catalina\localhost\MVC.xml
Sep 10, 2018 7:12:21 PM org.apache.catalina.startup.TldConfig execute
INFO: At least one JAR was scanned for TLDs yet contained no TLDs. Enable debug logging for this logger for a complete list of JARs that were scanned but no TLDs were found in them. Skipping unneeded JARs during scanning can improve startup time and JSP compilation time.
Sep 10, 2018 7:12:21 PM org.apache.catalina.startup.HostConfig deployDescriptor
INFO: Deployment of configuration descriptor C:\adt-bundle\13 - apache-tomcat-7.0.70\apache-tomcat-7.0.70\conf\Catalina\localhost\MVC.xml has finished in 218 ms
Sep 10, 2018 7:12:21 PM org.apache.catalina.util.LifecycleBase start
INFO: The start() method was called on component [StandardEngine[Catalina].StandardHost[localhost].StandardContext[/MVC]] after start() had already been called. The second call will be ignored.
Sep 10, 2018 7:12:38 PM org.apache.catalina.startup.HostConfig undeploy
INFO: Undeploying context [/MVC]
Sep 10, 2018 7:12:58 PM org.apache.catalina.startup.HostConfig deployDescriptor
INFO: Deploying configuration descriptor C:\adt-bundle\13 - apache-tomcat-7.0.70\apache-tomcat-7.0.70\conf\Catalina\localhost\MVC.xml
Sep 10, 2018 7:12:59 PM org.apache.catalina.startup.TldConfig execute
INFO: At least one JAR was scanned for TLDs yet contained no TLDs. Enable debug logging for this logger for a complete list of JARs that were scanned but no TLDs were found in them. Skipping unneeded JARs during scanning can improve startup time and JSP compilation time.
Sep 10, 2018 7:12:59 PM org.apache.catalina.startup.HostConfig deployDescriptor
INFO: Deployment of configuration descriptor C:\adt-bundle\13 - apache-tomcat-7.0.70\apache-tomcat-7.0.70\conf\Catalina\localhost\MVC.xml has finished in 1,139 ms
Sep 10, 2018 7:12:59 PM org.apache.catalina.util.LifecycleBase start
INFO: The start() method was called on component [StandardEngine[Catalina].StandardHost[localhost].StandardContext[/MVC]] after start() had already been called. The second call will be ignored.
Sep 10, 2018 7:14:27 PM org.apache.catalina.startup.HostConfig undeploy
INFO: Undeploying context [/MVC]
Sep 10, 2018 7:14:32 PM org.apache.catalina.startup.HostConfig deployDescriptor
INFO: Deploying configuration descriptor C:\adt-bundle\13 - apache-tomcat-7.0.70\apache-tomcat-7.0.70\conf\Catalina\localhost\MVC.xml
Sep 10, 2018 7:14:32 PM org.apache.catalina.startup.TldConfig execute
INFO: At least one JAR was scanned for TLDs yet contained no TLDs. Enable debug logging for this logger for a complete list of JARs that were scanned but no TLDs were found in them. Skipping unneeded JARs during scanning can improve startup time and JSP compilation time.
Sep 10, 2018 7:14:32 PM org.apache.catalina.startup.HostConfig deployDescriptor
INFO: Deployment of configuration descriptor C:\adt-bundle\13 - apache-tomcat-7.0.70\apache-tomcat-7.0.70\conf\Catalina\localhost\MVC.xml has finished in 193 ms
Sep 10, 2018 7:14:32 PM org.apache.catalina.util.LifecycleBase start
INFO: The start() method was called on component [StandardEngine[Catalina].StandardHost[localhost].StandardContext[/MVC]] after start() had already been called. The second call will be ignored.
Sep 10, 2018 7:16:35 PM org.apache.catalina.startup.HostConfig undeploy
INFO: Undeploying context [/MVC]
Sep 10, 2018 7:16:46 PM org.apache.catalina.startup.HostConfig deployDescriptor
INFO: Deploying configuration descriptor C:\adt-bundle\13 - apache-tomcat-7.0.70\apache-tomcat-7.0.70\conf\Catalina\localhost\MVC.xml
Sep 10, 2018 7:16:48 PM org.apache.catalina.startup.TldConfig execute
INFO: At least one JAR was scanned for TLDs yet contained no TLDs. Enable debug logging for this logger for a complete list of JARs that were scanned but no TLDs were found in them. Skipping unneeded JARs during scanning can improve startup time and JSP compilation time.
Sep 10, 2018 7:16:48 PM org.apache.catalina.startup.HostConfig deployDescriptor
INFO: Deployment of configuration descriptor C:\adt-bundle\13 - apache-tomcat-7.0.70\apache-tomcat-7.0.70\conf\Catalina\localhost\MVC.xml has finished in 2,352 ms
Sep 10, 2018 7:16:48 PM org.apache.catalina.util.LifecycleBase start
INFO: The start() method was called on component [StandardEngine[Catalina].StandardHost[localhost].StandardContext[/MVC]] after start() had already been called. The second call will be ignored.
