Sep 04, 2018 10:59:37 AM org.apache.catalina.core.AprLifecycleListener init
WARNING: The APR based Apache Tomcat Native library failed to load. The error reported was [C:\adt-bundle\13 - apache-tomcat-7.0.70\apache-tomcat-7.0.70\bin\tcnative-1.dll: Can't load IA 32-bit .dll on a AMD 64-bit platform]
java.lang.UnsatisfiedLinkError: C:\adt-bundle\13 - apache-tomcat-7.0.70\apache-tomcat-7.0.70\bin\tcnative-1.dll: Can't load IA 32-bit .dll on a AMD 64-bit platform
	at java.lang.ClassLoader$NativeLibrary.load(Native Method)
	at java.lang.ClassLoader.loadLibrary1(ClassLoader.java:1965)
	at java.lang.ClassLoader.loadLibrary0(ClassLoader.java:1890)
	at java.lang.ClassLoader.loadLibrary(ClassLoader.java:1880)
	at java.lang.Runtime.loadLibrary0(Runtime.java:849)
	at java.lang.System.loadLibrary(System.java:1088)
	at org.apache.tomcat.jni.Library.<init>(Library.java:42)
	at org.apache.tomcat.jni.Library.initialize(Library.java:178)
	at org.apache.catalina.core.AprLifecycleListener.init(AprLifecycleListener.java:201)
	at org.apache.catalina.core.AprLifecycleListener.isAprAvailable(AprLifecycleListener.java:109)
	at org.apache.catalina.connector.Connector.setProtocol(Connector.java:592)
	at org.apache.catalina.connector.Connector.<init>(Connector.java:66)
	at org.apache.catalina.startup.ConnectorCreateRule.begin(ConnectorCreateRule.java:62)
	at org.apache.tomcat.util.digester.Digester.startElement(Digester.java:1282)
	at com.sun.org.apache.xerces.internal.parsers.AbstractSAXParser.startElement(AbstractSAXParser.java:509)
	at com.sun.org.apache.xerces.internal.parsers.AbstractXMLDocumentParser.emptyElement(AbstractXMLDocumentParser.java:182)
	at com.sun.org.apache.xerces.internal.impl.XMLDocumentFragmentScannerImpl.scanStartElement(XMLDocumentFragmentScannerImpl.java:1343)
	at com.sun.org.apache.xerces.internal.impl.XMLDocumentFragmentScannerImpl$FragmentContentDriver.next(XMLDocumentFragmentScannerImpl.java:2786)
	at com.sun.org.apache.xerces.internal.impl.XMLDocumentScannerImpl.next(XMLDocumentScannerImpl.java:606)
	at com.sun.org.apache.xerces.internal.impl.XMLDocumentFragmentScannerImpl.scanDocument(XMLDocumentFragmentScannerImpl.java:510)
	at com.sun.org.apache.xerces.internal.parsers.XML11Configuration.parse(XML11Configuration.java:848)
	at com.sun.org.apache.xerces.internal.parsers.XML11Configuration.parse(XML11Configuration.java:777)
	at com.sun.org.apache.xerces.internal.parsers.XMLParser.parse(XMLParser.java:141)
	at com.sun.org.apache.xerces.internal.parsers.AbstractSAXParser.parse(AbstractSAXParser.java:1213)
	at com.sun.org.apache.xerces.internal.jaxp.SAXParserImpl$JAXPSAXParser.parse(SAXParserImpl.java:648)
	at org.apache.tomcat.util.digester.Digester.parse(Digester.java:1555)
	at org.apache.catalina.startup.Catalina.load(Catalina.java:616)
	at org.apache.catalina.startup.Catalina.load(Catalina.java:667)
	at sun.reflect.NativeMethodAccessorImpl.invoke0(Native Method)
	at sun.reflect.NativeMethodAccessorImpl.invoke(NativeMethodAccessorImpl.java:57)
	at sun.reflect.DelegatingMethodAccessorImpl.invoke(DelegatingMethodAccessorImpl.java:43)
	at java.lang.reflect.Method.invoke(Method.java:606)
	at org.apache.catalina.startup.Bootstrap.load(Bootstrap.java:253)
	at org.apache.catalina.startup.Bootstrap.main(Bootstrap.java:427)

Sep 04, 2018 10:59:37 AM org.apache.catalina.startup.VersionLoggerListener log
INFO: Server version:        Apache Tomcat/7.0.70
Sep 04, 2018 10:59:37 AM org.apache.catalina.startup.VersionLoggerListener log
INFO: Server built:          Jun 15 2016 16:27:45 UTC
Sep 04, 2018 10:59:37 AM org.apache.catalina.startup.VersionLoggerListener log
INFO: Server number:         7.0.70.0
Sep 04, 2018 10:59:37 AM org.apache.catalina.startup.VersionLoggerListener log
INFO: OS Name:               Windows 8.1
Sep 04, 2018 10:59:37 AM org.apache.catalina.startup.VersionLoggerListener log
INFO: OS Version:            6.3
Sep 04, 2018 10:59:37 AM org.apache.catalina.startup.VersionLoggerListener log
INFO: Architecture:          amd64
Sep 04, 2018 10:59:37 AM org.apache.catalina.startup.VersionLoggerListener log
INFO: Java Home:             C:\Program Files\Java\jdk1.7.0_79\jre
Sep 04, 2018 10:59:37 AM org.apache.catalina.startup.VersionLoggerListener log
INFO: JVM Version:           1.7.0_79-b15
Sep 04, 2018 10:59:37 AM org.apache.catalina.startup.VersionLoggerListener log
INFO: JVM Vendor:            Oracle Corporation
Sep 04, 2018 10:59:37 AM org.apache.catalina.startup.VersionLoggerListener log
INFO: CATALINA_BASE:         C:\adt-bundle\13 - apache-tomcat-7.0.70\apache-tomcat-7.0.70
Sep 04, 2018 10:59:37 AM org.apache.catalina.startup.VersionLoggerListener log
INFO: CATALINA_HOME:         C:\adt-bundle\13 - apache-tomcat-7.0.70\apache-tomcat-7.0.70
Sep 04, 2018 10:59:37 AM org.apache.catalina.startup.VersionLoggerListener log
INFO: Command line argument: -Djdk.tls.ephemeralDHKeySize=2048
Sep 04, 2018 10:59:37 AM org.apache.catalina.startup.VersionLoggerListener log
INFO: Command line argument: -Djava.util.logging.config.file=C:\adt-bundle\13 - apache-tomcat-7.0.70\apache-tomcat-7.0.70\conf\logging.properties
Sep 04, 2018 10:59:37 AM org.apache.catalina.startup.VersionLoggerListener log
INFO: Command line argument: -Djava.util.logging.manager=org.apache.juli.ClassLoaderLogManager
Sep 04, 2018 10:59:37 AM org.apache.catalina.startup.VersionLoggerListener log
INFO: Command line argument: -Djava.endorsed.dirs=C:\adt-bundle\13 - apache-tomcat-7.0.70\apache-tomcat-7.0.70\endorsed
Sep 04, 2018 10:59:37 AM org.apache.catalina.startup.VersionLoggerListener log
INFO: Command line argument: -Dcatalina.base=C:\adt-bundle\13 - apache-tomcat-7.0.70\apache-tomcat-7.0.70
Sep 04, 2018 10:59:37 AM org.apache.catalina.startup.VersionLoggerListener log
INFO: Command line argument: -Dcatalina.home=C:\adt-bundle\13 - apache-tomcat-7.0.70\apache-tomcat-7.0.70
Sep 04, 2018 10:59:37 AM org.apache.catalina.startup.VersionLoggerListener log
INFO: Command line argument: -Djava.io.tmpdir=C:\adt-bundle\13 - apache-tomcat-7.0.70\apache-tomcat-7.0.70\temp
Sep 04, 2018 10:59:38 AM org.apache.coyote.AbstractProtocol init
INFO: Initializing ProtocolHandler ["http-bio-8080"]
Sep 04, 2018 10:59:38 AM org.apache.coyote.AbstractProtocol init
INFO: Initializing ProtocolHandler ["ajp-bio-8009"]
Sep 04, 2018 10:59:38 AM org.apache.catalina.startup.Catalina load
INFO: Initialization processed in 912 ms
Sep 04, 2018 10:59:38 AM org.apache.catalina.core.StandardService startInternal
INFO: Starting service Catalina
Sep 04, 2018 10:59:38 AM org.apache.catalina.core.StandardEngine startInternal
INFO: Starting Servlet Engine: Apache Tomcat/7.0.70
Sep 04, 2018 10:59:38 AM org.apache.catalina.startup.HostConfig deployDescriptor
INFO: Deploying configuration descriptor C:\adt-bundle\13 - apache-tomcat-7.0.70\apache-tomcat-7.0.70\conf\Catalina\localhost\MVC.xml
Sep 04, 2018 10:59:39 AM org.apache.catalina.startup.TldConfig execute
INFO: At least one JAR was scanned for TLDs yet contained no TLDs. Enable debug logging for this logger for a complete list of JARs that were scanned but no TLDs were found in them. Skipping unneeded JARs during scanning can improve startup time and JSP compilation time.
Sep 04, 2018 10:59:39 AM org.apache.catalina.startup.HostConfig deployDescriptor
INFO: Deployment of configuration descriptor C:\adt-bundle\13 - apache-tomcat-7.0.70\apache-tomcat-7.0.70\conf\Catalina\localhost\MVC.xml has finished in 842 ms
Sep 04, 2018 10:59:39 AM org.apache.catalina.startup.HostConfig deployDirectory
INFO: Deploying web application directory C:\adt-bundle\13 - apache-tomcat-7.0.70\apache-tomcat-7.0.70\webapps\docs
Sep 04, 2018 10:59:39 AM org.apache.catalina.startup.HostConfig deployDirectory
INFO: Deployment of web application directory C:\adt-bundle\13 - apache-tomcat-7.0.70\apache-tomcat-7.0.70\webapps\docs has finished in 115 ms
Sep 04, 2018 10:59:39 AM org.apache.catalina.startup.HostConfig deployDirectory
INFO: Deploying web application directory C:\adt-bundle\13 - apache-tomcat-7.0.70\apache-tomcat-7.0.70\webapps\examples
Sep 04, 2018 10:59:41 AM org.apache.catalina.startup.HostConfig deployDirectory
INFO: Deployment of web application directory C:\adt-bundle\13 - apache-tomcat-7.0.70\apache-tomcat-7.0.70\webapps\examples has finished in 1,784 ms
Sep 04, 2018 10:59:41 AM org.apache.catalina.startup.HostConfig deployDirectory
INFO: Deploying web application directory C:\adt-bundle\13 - apache-tomcat-7.0.70\apache-tomcat-7.0.70\webapps\host-manager
Sep 04, 2018 10:59:41 AM org.apache.catalina.startup.HostConfig deployDirectory
INFO: Deployment of web application directory C:\adt-bundle\13 - apache-tomcat-7.0.70\apache-tomcat-7.0.70\webapps\host-manager has finished in 246 ms
Sep 04, 2018 10:59:41 AM org.apache.catalina.startup.HostConfig deployDirectory
INFO: Deploying web application directory C:\adt-bundle\13 - apache-tomcat-7.0.70\apache-tomcat-7.0.70\webapps\manager
Sep 04, 2018 10:59:41 AM org.apache.catalina.startup.HostConfig deployDirectory
INFO: Deployment of web application directory C:\adt-bundle\13 - apache-tomcat-7.0.70\apache-tomcat-7.0.70\webapps\manager has finished in 120 ms
Sep 04, 2018 10:59:41 AM org.apache.catalina.startup.HostConfig deployDirectory
INFO: Deploying web application directory C:\adt-bundle\13 - apache-tomcat-7.0.70\apache-tomcat-7.0.70\webapps\ROOT
Sep 04, 2018 10:59:41 AM org.apache.catalina.startup.HostConfig deployDirectory
INFO: Deployment of web application directory C:\adt-bundle\13 - apache-tomcat-7.0.70\apache-tomcat-7.0.70\webapps\ROOT has finished in 117 ms
Sep 04, 2018 10:59:41 AM org.apache.coyote.AbstractProtocol start
INFO: Starting ProtocolHandler ["http-bio-8080"]
Sep 04, 2018 10:59:41 AM org.apache.coyote.AbstractProtocol start
INFO: Starting ProtocolHandler ["ajp-bio-8009"]
Sep 04, 2018 10:59:41 AM org.apache.catalina.startup.Catalina start
INFO: Server startup in 3367 ms
Sep 04, 2018 12:25:21 PM org.apache.catalina.core.StandardContext reload
INFO: Reloading Context with name [/MVC] has started
Sep 04, 2018 12:25:21 PM org.apache.catalina.loader.WebappClassLoaderBase clearReferencesJdbc
SEVERE: The web application [/MVC] registered the JDBC driver [com.mysql.jdbc.Driver] but failed to unregister it when the web application was stopped. To prevent a memory leak, the JDBC Driver has been forcibly unregistered.
Sep 04, 2018 12:25:22 PM org.apache.catalina.startup.TldConfig execute
INFO: At least one JAR was scanned for TLDs yet contained no TLDs. Enable debug logging for this logger for a complete list of JARs that were scanned but no TLDs were found in them. Skipping unneeded JARs during scanning can improve startup time and JSP compilation time.
Sep 04, 2018 12:25:22 PM org.apache.catalina.core.StandardContext reload
INFO: Reloading Context with name [/MVC] is completed
Sep 04, 2018 12:25:47 PM org.apache.catalina.core.StandardContext reload
INFO: Reloading Context with name [/MVC] has started
Sep 04, 2018 12:25:47 PM org.apache.catalina.startup.TldConfig execute
INFO: At least one JAR was scanned for TLDs yet contained no TLDs. Enable debug logging for this logger for a complete list of JARs that were scanned but no TLDs were found in them. Skipping unneeded JARs during scanning can improve startup time and JSP compilation time.
Sep 04, 2018 12:25:47 PM org.apache.catalina.core.StandardContext reload
INFO: Reloading Context with name [/MVC] is completed
Sep 04, 2018 12:25:53 PM org.apache.catalina.core.StandardContext reload
INFO: Reloading Context with name [/MVC] has started
Sep 04, 2018 12:25:53 PM org.apache.catalina.startup.TldConfig execute
INFO: At least one JAR was scanned for TLDs yet contained no TLDs. Enable debug logging for this logger for a complete list of JARs that were scanned but no TLDs were found in them. Skipping unneeded JARs during scanning can improve startup time and JSP compilation time.
Sep 04, 2018 12:25:53 PM org.apache.catalina.core.StandardContext reload
INFO: Reloading Context with name [/MVC] is completed
Sep 04, 2018 12:25:57 PM org.apache.catalina.core.StandardContext reload
INFO: Reloading Context with name [/MVC] has started
Sep 04, 2018 12:25:57 PM org.apache.catalina.startup.TldConfig execute
INFO: At least one JAR was scanned for TLDs yet contained no TLDs. Enable debug logging for this logger for a complete list of JARs that were scanned but no TLDs were found in them. Skipping unneeded JARs during scanning can improve startup time and JSP compilation time.
Sep 04, 2018 12:25:57 PM org.apache.catalina.core.StandardContext reload
INFO: Reloading Context with name [/MVC] is completed
Sep 04, 2018 12:26:05 PM org.apache.catalina.core.StandardContext reload
INFO: Reloading Context with name [/MVC] has started
Sep 04, 2018 12:26:05 PM org.apache.catalina.startup.TldConfig execute
INFO: At least one JAR was scanned for TLDs yet contained no TLDs. Enable debug logging for this logger for a complete list of JARs that were scanned but no TLDs were found in them. Skipping unneeded JARs during scanning can improve startup time and JSP compilation time.
Sep 04, 2018 12:26:05 PM org.apache.catalina.core.StandardContext reload
INFO: Reloading Context with name [/MVC] is completed
Sep 04, 2018 12:26:09 PM org.apache.catalina.core.StandardContext reload
INFO: Reloading Context with name [/MVC] has started
Sep 04, 2018 12:26:09 PM org.apache.catalina.startup.TldConfig execute
INFO: At least one JAR was scanned for TLDs yet contained no TLDs. Enable debug logging for this logger for a complete list of JARs that were scanned but no TLDs were found in them. Skipping unneeded JARs during scanning can improve startup time and JSP compilation time.
Sep 04, 2018 12:26:09 PM org.apache.catalina.core.StandardContext reload
INFO: Reloading Context with name [/MVC] is completed
Sep 04, 2018 12:26:44 PM org.apache.catalina.core.StandardContext reload
INFO: Reloading Context with name [/MVC] has started
Sep 04, 2018 12:26:45 PM org.apache.catalina.startup.TldConfig execute
INFO: At least one JAR was scanned for TLDs yet contained no TLDs. Enable debug logging for this logger for a complete list of JARs that were scanned but no TLDs were found in them. Skipping unneeded JARs during scanning can improve startup time and JSP compilation time.
Sep 04, 2018 12:26:45 PM org.apache.catalina.core.StandardContext reload
INFO: Reloading Context with name [/MVC] is completed
Sep 04, 2018 12:26:55 PM org.apache.catalina.core.StandardContext reload
INFO: Reloading Context with name [/MVC] has started
Sep 04, 2018 12:26:55 PM org.apache.catalina.startup.TldConfig execute
INFO: At least one JAR was scanned for TLDs yet contained no TLDs. Enable debug logging for this logger for a complete list of JARs that were scanned but no TLDs were found in them. Skipping unneeded JARs during scanning can improve startup time and JSP compilation time.
Sep 04, 2018 12:26:55 PM org.apache.catalina.core.StandardContext reload
INFO: Reloading Context with name [/MVC] is completed
Sep 04, 2018 12:26:56 PM org.apache.catalina.core.StandardContext reload
INFO: Reloading Context with name [/MVC] has started
Sep 04, 2018 12:26:56 PM org.apache.catalina.startup.TldConfig execute
INFO: At least one JAR was scanned for TLDs yet contained no TLDs. Enable debug logging for this logger for a complete list of JARs that were scanned but no TLDs were found in them. Skipping unneeded JARs during scanning can improve startup time and JSP compilation time.
Sep 04, 2018 12:26:56 PM org.apache.catalina.core.StandardContext reload
INFO: Reloading Context with name [/MVC] is completed
Sep 04, 2018 12:27:35 PM org.apache.catalina.core.StandardContext reload
INFO: Reloading Context with name [/MVC] has started
Sep 04, 2018 12:27:35 PM org.apache.catalina.startup.TldConfig execute
INFO: At least one JAR was scanned for TLDs yet contained no TLDs. Enable debug logging for this logger for a complete list of JARs that were scanned but no TLDs were found in them. Skipping unneeded JARs during scanning can improve startup time and JSP compilation time.
Sep 04, 2018 12:27:35 PM org.apache.catalina.core.StandardContext reload
INFO: Reloading Context with name [/MVC] is completed
Sep 04, 2018 12:28:15 PM org.apache.catalina.core.StandardContext reload
INFO: Reloading Context with name [/MVC] has started
Sep 04, 2018 12:28:15 PM org.apache.catalina.startup.TldConfig execute
INFO: At least one JAR was scanned for TLDs yet contained no TLDs. Enable debug logging for this logger for a complete list of JARs that were scanned but no TLDs were found in them. Skipping unneeded JARs during scanning can improve startup time and JSP compilation time.
Sep 04, 2018 12:28:15 PM org.apache.catalina.core.StandardContext reload
INFO: Reloading Context with name [/MVC] is completed
Sep 04, 2018 12:29:17 PM org.apache.catalina.core.StandardContext reload
INFO: Reloading Context with name [/MVC] has started
Sep 04, 2018 12:29:17 PM org.apache.catalina.startup.TldConfig execute
INFO: At least one JAR was scanned for TLDs yet contained no TLDs. Enable debug logging for this logger for a complete list of JARs that were scanned but no TLDs were found in them. Skipping unneeded JARs during scanning can improve startup time and JSP compilation time.
Sep 04, 2018 12:29:17 PM org.apache.catalina.core.StandardContext reload
INFO: Reloading Context with name [/MVC] is completed
Sep 04, 2018 12:29:22 PM org.apache.catalina.core.StandardContext reload
INFO: Reloading Context with name [/MVC] has started
Sep 04, 2018 12:29:22 PM org.apache.catalina.startup.TldConfig execute
INFO: At least one JAR was scanned for TLDs yet contained no TLDs. Enable debug logging for this logger for a complete list of JARs that were scanned but no TLDs were found in them. Skipping unneeded JARs during scanning can improve startup time and JSP compilation time.
Sep 04, 2018 12:29:22 PM org.apache.catalina.core.StandardContext reload
INFO: Reloading Context with name [/MVC] is completed
Sep 04, 2018 12:29:32 PM org.apache.catalina.core.StandardContext reload
INFO: Reloading Context with name [/MVC] has started
Sep 04, 2018 12:29:32 PM org.apache.catalina.startup.TldConfig execute
INFO: At least one JAR was scanned for TLDs yet contained no TLDs. Enable debug logging for this logger for a complete list of JARs that were scanned but no TLDs were found in them. Skipping unneeded JARs during scanning can improve startup time and JSP compilation time.
Sep 04, 2018 12:29:32 PM org.apache.catalina.core.StandardContext reload
INFO: Reloading Context with name [/MVC] is completed
Sep 04, 2018 12:29:32 PM org.apache.catalina.core.StandardContext reload
INFO: Reloading Context with name [/MVC] has started
Sep 04, 2018 12:29:33 PM org.apache.catalina.startup.TldConfig execute
INFO: At least one JAR was scanned for TLDs yet contained no TLDs. Enable debug logging for this logger for a complete list of JARs that were scanned but no TLDs were found in them. Skipping unneeded JARs during scanning can improve startup time and JSP compilation time.
Sep 04, 2018 12:29:33 PM org.apache.catalina.core.StandardContext reload
INFO: Reloading Context with name [/MVC] is completed
Sep 04, 2018 12:29:54 PM org.apache.catalina.core.StandardContext reload
INFO: Reloading Context with name [/MVC] has started
Sep 04, 2018 12:29:54 PM org.apache.catalina.startup.TldConfig execute
INFO: At least one JAR was scanned for TLDs yet contained no TLDs. Enable debug logging for this logger for a complete list of JARs that were scanned but no TLDs were found in them. Skipping unneeded JARs during scanning can improve startup time and JSP compilation time.
Sep 04, 2018 12:29:54 PM org.apache.catalina.core.StandardContext reload
INFO: Reloading Context with name [/MVC] is completed
Sep 04, 2018 12:30:01 PM org.apache.catalina.core.StandardContext reload
INFO: Reloading Context with name [/MVC] has started
Sep 04, 2018 12:30:01 PM org.apache.catalina.startup.TldConfig execute
INFO: At least one JAR was scanned for TLDs yet contained no TLDs. Enable debug logging for this logger for a complete list of JARs that were scanned but no TLDs were found in them. Skipping unneeded JARs during scanning can improve startup time and JSP compilation time.
Sep 04, 2018 12:30:01 PM org.apache.catalina.core.StandardContext reload
INFO: Reloading Context with name [/MVC] is completed
Sep 04, 2018 12:30:02 PM org.apache.catalina.core.StandardContext reload
INFO: Reloading Context with name [/MVC] has started
Sep 04, 2018 12:30:02 PM org.apache.catalina.startup.TldConfig execute
INFO: At least one JAR was scanned for TLDs yet contained no TLDs. Enable debug logging for this logger for a complete list of JARs that were scanned but no TLDs were found in them. Skipping unneeded JARs during scanning can improve startup time and JSP compilation time.
Sep 04, 2018 12:30:02 PM org.apache.catalina.core.StandardContext reload
INFO: Reloading Context with name [/MVC] is completed
Sep 04, 2018 12:31:09 PM org.apache.catalina.startup.HostConfig undeploy
INFO: Undeploying context [/MVC]
Sep 04, 2018 12:31:16 PM org.apache.catalina.core.StandardServer await
INFO: A valid shutdown command was received via the shutdown port. Stopping the Server instance.
Sep 04, 2018 12:31:16 PM org.apache.coyote.AbstractProtocol pause
INFO: Pausing ProtocolHandler ["http-bio-8080"]
Sep 04, 2018 12:31:16 PM org.apache.coyote.AbstractProtocol pause
INFO: Pausing ProtocolHandler ["ajp-bio-8009"]
Sep 04, 2018 12:31:16 PM org.apache.catalina.core.StandardService stopInternal
INFO: Stopping service Catalina
Sep 04, 2018 12:31:16 PM org.apache.coyote.AbstractProtocol stop
INFO: Stopping ProtocolHandler ["http-bio-8080"]
Sep 04, 2018 12:31:16 PM org.apache.coyote.AbstractProtocol stop
INFO: Stopping ProtocolHandler ["ajp-bio-8009"]
Sep 04, 2018 12:31:16 PM org.apache.coyote.AbstractProtocol destroy
INFO: Destroying ProtocolHandler ["http-bio-8080"]
Sep 04, 2018 12:31:16 PM org.apache.coyote.AbstractProtocol destroy
INFO: Destroying ProtocolHandler ["ajp-bio-8009"]
Sep 04, 2018 12:31:24 PM org.apache.catalina.core.AprLifecycleListener init
WARNING: The APR based Apache Tomcat Native library failed to load. The error reported was [C:\adt-bundle\13 - apache-tomcat-7.0.70\apache-tomcat-7.0.70\bin\tcnative-1.dll: Can't load IA 32-bit .dll on a AMD 64-bit platform]
java.lang.UnsatisfiedLinkError: C:\adt-bundle\13 - apache-tomcat-7.0.70\apache-tomcat-7.0.70\bin\tcnative-1.dll: Can't load IA 32-bit .dll on a AMD 64-bit platform
	at java.lang.ClassLoader$NativeLibrary.load(Native Method)
	at java.lang.ClassLoader.loadLibrary1(ClassLoader.java:1965)
	at java.lang.ClassLoader.loadLibrary0(ClassLoader.java:1890)
	at java.lang.ClassLoader.loadLibrary(ClassLoader.java:1880)
	at java.lang.Runtime.loadLibrary0(Runtime.java:849)
	at java.lang.System.loadLibrary(System.java:1088)
	at org.apache.tomcat.jni.Library.<init>(Library.java:42)
	at org.apache.tomcat.jni.Library.initialize(Library.java:178)
	at org.apache.catalina.core.AprLifecycleListener.init(AprLifecycleListener.java:201)
	at org.apache.catalina.core.AprLifecycleListener.isAprAvailable(AprLifecycleListener.java:109)
	at org.apache.catalina.connector.Connector.setProtocol(Connector.java:592)
	at org.apache.catalina.connector.Connector.<init>(Connector.java:66)
	at org.apache.catalina.startup.ConnectorCreateRule.begin(ConnectorCreateRule.java:62)
	at org.apache.tomcat.util.digester.Digester.startElement(Digester.java:1282)
	at com.sun.org.apache.xerces.internal.parsers.AbstractSAXParser.startElement(AbstractSAXParser.java:509)
	at com.sun.org.apache.xerces.internal.parsers.AbstractXMLDocumentParser.emptyElement(AbstractXMLDocumentParser.java:182)
	at com.sun.org.apache.xerces.internal.impl.XMLDocumentFragmentScannerImpl.scanStartElement(XMLDocumentFragmentScannerImpl.java:1343)
	at com.sun.org.apache.xerces.internal.impl.XMLDocumentFragmentScannerImpl$FragmentContentDriver.next(XMLDocumentFragmentScannerImpl.java:2786)
	at com.sun.org.apache.xerces.internal.impl.XMLDocumentScannerImpl.next(XMLDocumentScannerImpl.java:606)
	at com.sun.org.apache.xerces.internal.impl.XMLDocumentFragmentScannerImpl.scanDocument(XMLDocumentFragmentScannerImpl.java:510)
	at com.sun.org.apache.xerces.internal.parsers.XML11Configuration.parse(XML11Configuration.java:848)
	at com.sun.org.apache.xerces.internal.parsers.XML11Configuration.parse(XML11Configuration.java:777)
	at com.sun.org.apache.xerces.internal.parsers.XMLParser.parse(XMLParser.java:141)
	at com.sun.org.apache.xerces.internal.parsers.AbstractSAXParser.parse(AbstractSAXParser.java:1213)
	at com.sun.org.apache.xerces.internal.jaxp.SAXParserImpl$JAXPSAXParser.parse(SAXParserImpl.java:648)
	at org.apache.tomcat.util.digester.Digester.parse(Digester.java:1555)
	at org.apache.catalina.startup.Catalina.load(Catalina.java:616)
	at org.apache.catalina.startup.Catalina.load(Catalina.java:667)
	at sun.reflect.NativeMethodAccessorImpl.invoke0(Native Method)
	at sun.reflect.NativeMethodAccessorImpl.invoke(NativeMethodAccessorImpl.java:57)
	at sun.reflect.DelegatingMethodAccessorImpl.invoke(DelegatingMethodAccessorImpl.java:43)
	at java.lang.reflect.Method.invoke(Method.java:606)
	at org.apache.catalina.startup.Bootstrap.load(Bootstrap.java:253)
	at org.apache.catalina.startup.Bootstrap.main(Bootstrap.java:427)

Sep 04, 2018 12:31:24 PM org.apache.catalina.startup.VersionLoggerListener log
INFO: Server version:        Apache Tomcat/7.0.70
Sep 04, 2018 12:31:24 PM org.apache.catalina.startup.VersionLoggerListener log
INFO: Server built:          Jun 15 2016 16:27:45 UTC
Sep 04, 2018 12:31:24 PM org.apache.catalina.startup.VersionLoggerListener log
INFO: Server number:         7.0.70.0
Sep 04, 2018 12:31:24 PM org.apache.catalina.startup.VersionLoggerListener log
INFO: OS Name:               Windows 8.1
Sep 04, 2018 12:31:24 PM org.apache.catalina.startup.VersionLoggerListener log
INFO: OS Version:            6.3
Sep 04, 2018 12:31:24 PM org.apache.catalina.startup.VersionLoggerListener log
INFO: Architecture:          amd64
Sep 04, 2018 12:31:24 PM org.apache.catalina.startup.VersionLoggerListener log
INFO: Java Home:             C:\Program Files\Java\jdk1.7.0_79\jre
Sep 04, 2018 12:31:24 PM org.apache.catalina.startup.VersionLoggerListener log
INFO: JVM Version:           1.7.0_79-b15
Sep 04, 2018 12:31:24 PM org.apache.catalina.startup.VersionLoggerListener log
INFO: JVM Vendor:            Oracle Corporation
Sep 04, 2018 12:31:24 PM org.apache.catalina.startup.VersionLoggerListener log
INFO: CATALINA_BASE:         C:\adt-bundle\13 - apache-tomcat-7.0.70\apache-tomcat-7.0.70
Sep 04, 2018 12:31:24 PM org.apache.catalina.startup.VersionLoggerListener log
INFO: CATALINA_HOME:         C:\adt-bundle\13 - apache-tomcat-7.0.70\apache-tomcat-7.0.70
Sep 04, 2018 12:31:24 PM org.apache.catalina.startup.VersionLoggerListener log
INFO: Command line argument: -Djdk.tls.ephemeralDHKeySize=2048
Sep 04, 2018 12:31:24 PM org.apache.catalina.startup.VersionLoggerListener log
INFO: Command line argument: -Djava.util.logging.config.file=C:\adt-bundle\13 - apache-tomcat-7.0.70\apache-tomcat-7.0.70\conf\logging.properties
Sep 04, 2018 12:31:24 PM org.apache.catalina.startup.VersionLoggerListener log
INFO: Command line argument: -Djava.util.logging.manager=org.apache.juli.ClassLoaderLogManager
Sep 04, 2018 12:31:24 PM org.apache.catalina.startup.VersionLoggerListener log
INFO: Command line argument: -agentlib:jdwp=transport=dt_shmem,address=tomcat_shared_memory_id,server=y,suspend=n
Sep 04, 2018 12:31:24 PM org.apache.catalina.startup.VersionLoggerListener log
INFO: Command line argument: -Djava.endorsed.dirs=C:\adt-bundle\13 - apache-tomcat-7.0.70\apache-tomcat-7.0.70\endorsed
Sep 04, 2018 12:31:24 PM org.apache.catalina.startup.VersionLoggerListener log
INFO: Command line argument: -Dcatalina.base=C:\adt-bundle\13 - apache-tomcat-7.0.70\apache-tomcat-7.0.70
Sep 04, 2018 12:31:24 PM org.apache.catalina.startup.VersionLoggerListener log
INFO: Command line argument: -Dcatalina.home=C:\adt-bundle\13 - apache-tomcat-7.0.70\apache-tomcat-7.0.70
Sep 04, 2018 12:31:24 PM org.apache.catalina.startup.VersionLoggerListener log
INFO: Command line argument: -Djava.io.tmpdir=C:\adt-bundle\13 - apache-tomcat-7.0.70\apache-tomcat-7.0.70\temp
Sep 04, 2018 12:31:25 PM org.apache.coyote.AbstractProtocol init
INFO: Initializing ProtocolHandler ["http-bio-8080"]
Sep 04, 2018 12:31:25 PM org.apache.coyote.AbstractProtocol init
INFO: Initializing ProtocolHandler ["ajp-bio-8009"]
Sep 04, 2018 12:31:25 PM org.apache.catalina.startup.Catalina load
INFO: Initialization processed in 1151 ms
Sep 04, 2018 12:31:25 PM org.apache.catalina.core.StandardService startInternal
INFO: Starting service Catalina
Sep 04, 2018 12:31:25 PM org.apache.catalina.core.StandardEngine startInternal
INFO: Starting Servlet Engine: Apache Tomcat/7.0.70
Sep 04, 2018 12:31:25 PM org.apache.catalina.startup.HostConfig deployDirectory
INFO: Deploying web application directory C:\adt-bundle\13 - apache-tomcat-7.0.70\apache-tomcat-7.0.70\webapps\docs
Sep 04, 2018 12:31:25 PM org.apache.catalina.startup.HostConfig deployDirectory
INFO: Deployment of web application directory C:\adt-bundle\13 - apache-tomcat-7.0.70\apache-tomcat-7.0.70\webapps\docs has finished in 571 ms
Sep 04, 2018 12:31:25 PM org.apache.catalina.startup.HostConfig deployDirectory
INFO: Deploying web application directory C:\adt-bundle\13 - apache-tomcat-7.0.70\apache-tomcat-7.0.70\webapps\examples
Sep 04, 2018 12:31:27 PM org.apache.catalina.startup.HostConfig deployDirectory
INFO: Deployment of web application directory C:\adt-bundle\13 - apache-tomcat-7.0.70\apache-tomcat-7.0.70\webapps\examples has finished in 1,117 ms
Sep 04, 2018 12:31:27 PM org.apache.catalina.startup.HostConfig deployDirectory
INFO: Deploying web application directory C:\adt-bundle\13 - apache-tomcat-7.0.70\apache-tomcat-7.0.70\webapps\host-manager
Sep 04, 2018 12:31:27 PM org.apache.catalina.startup.HostConfig deployDirectory
INFO: Deployment of web application directory C:\adt-bundle\13 - apache-tomcat-7.0.70\apache-tomcat-7.0.70\webapps\host-manager has finished in 92 ms
Sep 04, 2018 12:31:27 PM org.apache.catalina.startup.HostConfig deployDirectory
INFO: Deploying web application directory C:\adt-bundle\13 - apache-tomcat-7.0.70\apache-tomcat-7.0.70\webapps\manager
Sep 04, 2018 12:31:27 PM org.apache.catalina.startup.HostConfig deployDirectory
INFO: Deployment of web application directory C:\adt-bundle\13 - apache-tomcat-7.0.70\apache-tomcat-7.0.70\webapps\manager has finished in 108 ms
Sep 04, 2018 12:31:27 PM org.apache.catalina.startup.HostConfig deployDirectory
INFO: Deploying web application directory C:\adt-bundle\13 - apache-tomcat-7.0.70\apache-tomcat-7.0.70\webapps\ROOT
Sep 04, 2018 12:31:27 PM org.apache.catalina.startup.HostConfig deployDirectory
INFO: Deployment of web application directory C:\adt-bundle\13 - apache-tomcat-7.0.70\apache-tomcat-7.0.70\webapps\ROOT has finished in 60 ms
Sep 04, 2018 12:31:27 PM org.apache.coyote.AbstractProtocol start
INFO: Starting ProtocolHandler ["http-bio-8080"]
Sep 04, 2018 12:31:27 PM org.apache.coyote.AbstractProtocol start
INFO: Starting ProtocolHandler ["ajp-bio-8009"]
Sep 04, 2018 12:31:27 PM org.apache.catalina.startup.Catalina start
INFO: Server startup in 2034 ms
Sep 04, 2018 12:31:29 PM org.apache.catalina.startup.HostConfig deployDescriptor
INFO: Deploying configuration descriptor C:\adt-bundle\13 - apache-tomcat-7.0.70\apache-tomcat-7.0.70\conf\Catalina\localhost\MVC.xml
Sep 04, 2018 12:31:30 PM org.apache.catalina.startup.TldConfig execute
INFO: At least one JAR was scanned for TLDs yet contained no TLDs. Enable debug logging for this logger for a complete list of JARs that were scanned but no TLDs were found in them. Skipping unneeded JARs during scanning can improve startup time and JSP compilation time.
Sep 04, 2018 12:31:30 PM org.apache.catalina.startup.HostConfig deployDescriptor
INFO: Deployment of configuration descriptor C:\adt-bundle\13 - apache-tomcat-7.0.70\apache-tomcat-7.0.70\conf\Catalina\localhost\MVC.xml has finished in 393 ms
Sep 04, 2018 12:31:30 PM org.apache.catalina.util.LifecycleBase start
INFO: The start() method was called on component [StandardEngine[Catalina].StandardHost[localhost].StandardContext[/MVC]] after start() had already been called. The second call will be ignored.
Sep 04, 2018 12:32:25 PM org.apache.catalina.core.StandardContext reload
INFO: Reloading Context with name [/MVC] has started
Sep 04, 2018 12:32:25 PM org.apache.catalina.loader.WebappClassLoaderBase clearReferencesJdbc
SEVERE: The web application [/MVC] registered the JDBC driver [com.mysql.jdbc.Driver] but failed to unregister it when the web application was stopped. To prevent a memory leak, the JDBC Driver has been forcibly unregistered.
Sep 04, 2018 12:32:25 PM org.apache.catalina.startup.TldConfig execute
INFO: At least one JAR was scanned for TLDs yet contained no TLDs. Enable debug logging for this logger for a complete list of JARs that were scanned but no TLDs were found in them. Skipping unneeded JARs during scanning can improve startup time and JSP compilation time.
Sep 04, 2018 12:32:25 PM org.apache.catalina.core.StandardContext reload
INFO: Reloading Context with name [/MVC] is completed
Sep 04, 2018 12:32:29 PM org.apache.catalina.startup.HostConfig undeploy
INFO: Undeploying context [/MVC]
Sep 04, 2018 12:32:29 PM org.apache.catalina.startup.HostConfig deployDescriptor
INFO: Deploying configuration descriptor C:\adt-bundle\13 - apache-tomcat-7.0.70\apache-tomcat-7.0.70\conf\Catalina\localhost\MVC.xml
Sep 04, 2018 12:32:29 PM org.apache.catalina.startup.TldConfig execute
INFO: At least one JAR was scanned for TLDs yet contained no TLDs. Enable debug logging for this logger for a complete list of JARs that were scanned but no TLDs were found in them. Skipping unneeded JARs during scanning can improve startup time and JSP compilation time.
Sep 04, 2018 12:32:29 PM org.apache.catalina.startup.HostConfig deployDescriptor
INFO: Deployment of configuration descriptor C:\adt-bundle\13 - apache-tomcat-7.0.70\apache-tomcat-7.0.70\conf\Catalina\localhost\MVC.xml has finished in 145 ms
Sep 04, 2018 12:32:29 PM org.apache.catalina.util.LifecycleBase start
INFO: The start() method was called on component [StandardEngine[Catalina].StandardHost[localhost].StandardContext[/MVC]] after start() had already been called. The second call will be ignored.
Sep 04, 2018 1:56:57 PM org.apache.catalina.core.StandardContext reload
INFO: Reloading Context with name [/MVC] has started
Sep 04, 2018 1:56:57 PM org.apache.catalina.loader.WebappClassLoaderBase clearReferencesJdbc
SEVERE: The web application [/MVC] registered the JDBC driver [com.mysql.jdbc.Driver] but failed to unregister it when the web application was stopped. To prevent a memory leak, the JDBC Driver has been forcibly unregistered.
Sep 04, 2018 1:56:57 PM org.apache.catalina.startup.TldConfig execute
INFO: At least one JAR was scanned for TLDs yet contained no TLDs. Enable debug logging for this logger for a complete list of JARs that were scanned but no TLDs were found in them. Skipping unneeded JARs during scanning can improve startup time and JSP compilation time.
Sep 04, 2018 1:56:57 PM org.apache.catalina.core.StandardContext reload
INFO: Reloading Context with name [/MVC] is completed
Sep 04, 2018 1:58:12 PM org.apache.catalina.loader.WebappClassLoaderBase clearReferencesJdbc
SEVERE: The web application [/MVC] registered the JDBC driver [com.mysql.jdbc.Driver] but failed to unregister it when the web application was stopped. To prevent a memory leak, the JDBC Driver has been forcibly unregistered.
Sep 04, 2018 1:58:13 PM org.apache.catalina.startup.HostConfig undeploy
INFO: Undeploying context [/MVC]
Sep 04, 2018 1:58:24 PM org.apache.catalina.startup.HostConfig deployDescriptor
INFO: Deploying configuration descriptor C:\adt-bundle\13 - apache-tomcat-7.0.70\apache-tomcat-7.0.70\conf\Catalina\localhost\MVC.xml
Sep 04, 2018 1:58:24 PM org.apache.catalina.startup.TldConfig execute
INFO: At least one JAR was scanned for TLDs yet contained no TLDs. Enable debug logging for this logger for a complete list of JARs that were scanned but no TLDs were found in them. Skipping unneeded JARs during scanning can improve startup time and JSP compilation time.
Sep 04, 2018 1:58:24 PM org.apache.catalina.startup.HostConfig deployDescriptor
INFO: Deployment of configuration descriptor C:\adt-bundle\13 - apache-tomcat-7.0.70\apache-tomcat-7.0.70\conf\Catalina\localhost\MVC.xml has finished in 326 ms
Sep 04, 2018 1:58:24 PM org.apache.catalina.util.LifecycleBase start
INFO: The start() method was called on component [StandardEngine[Catalina].StandardHost[localhost].StandardContext[/MVC]] after start() had already been called. The second call will be ignored.
Sep 04, 2018 1:59:13 PM org.apache.catalina.startup.HostConfig undeploy
INFO: Undeploying context [/MVC]
Sep 04, 2018 1:59:13 PM org.apache.catalina.startup.HostConfig deployDescriptor
INFO: Deploying configuration descriptor C:\adt-bundle\13 - apache-tomcat-7.0.70\apache-tomcat-7.0.70\conf\Catalina\localhost\MVC.xml
Sep 04, 2018 1:59:14 PM org.apache.catalina.startup.TldConfig execute
INFO: At least one JAR was scanned for TLDs yet contained no TLDs. Enable debug logging for this logger for a complete list of JARs that were scanned but no TLDs were found in them. Skipping unneeded JARs during scanning can improve startup time and JSP compilation time.
Sep 04, 2018 1:59:14 PM org.apache.catalina.startup.HostConfig deployDescriptor
INFO: Deployment of configuration descriptor C:\adt-bundle\13 - apache-tomcat-7.0.70\apache-tomcat-7.0.70\conf\Catalina\localhost\MVC.xml has finished in 156 ms
Sep 04, 2018 1:59:14 PM org.apache.catalina.util.LifecycleBase start
INFO: The start() method was called on component [StandardEngine[Catalina].StandardHost[localhost].StandardContext[/MVC]] after start() had already been called. The second call will be ignored.
Sep 04, 2018 2:00:10 PM org.apache.catalina.startup.HostConfig undeploy
INFO: Undeploying context [/MVC]
Sep 04, 2018 2:00:10 PM org.apache.catalina.startup.HostConfig deployDescriptor
INFO: Deploying configuration descriptor C:\adt-bundle\13 - apache-tomcat-7.0.70\apache-tomcat-7.0.70\conf\Catalina\localhost\MVC.xml
Sep 04, 2018 2:00:10 PM org.apache.catalina.startup.TldConfig execute
INFO: At least one JAR was scanned for TLDs yet contained no TLDs. Enable debug logging for this logger for a complete list of JARs that were scanned but no TLDs were found in them. Skipping unneeded JARs during scanning can improve startup time and JSP compilation time.
Sep 04, 2018 2:00:10 PM org.apache.catalina.startup.HostConfig deployDescriptor
INFO: Deployment of configuration descriptor C:\adt-bundle\13 - apache-tomcat-7.0.70\apache-tomcat-7.0.70\conf\Catalina\localhost\MVC.xml has finished in 178 ms
Sep 04, 2018 2:00:10 PM org.apache.catalina.util.LifecycleBase start
INFO: The start() method was called on component [StandardEngine[Catalina].StandardHost[localhost].StandardContext[/MVC]] after start() had already been called. The second call will be ignored.
Sep 04, 2018 2:00:17 PM org.apache.catalina.startup.HostConfig undeploy
INFO: Undeploying context [/MVC]
Sep 04, 2018 2:00:17 PM org.apache.catalina.startup.HostConfig deployDescriptor
INFO: Deploying configuration descriptor C:\adt-bundle\13 - apache-tomcat-7.0.70\apache-tomcat-7.0.70\conf\Catalina\localhost\MVC.xml
Sep 04, 2018 2:00:17 PM org.apache.catalina.startup.TldConfig execute
INFO: At least one JAR was scanned for TLDs yet contained no TLDs. Enable debug logging for this logger for a complete list of JARs that were scanned but no TLDs were found in them. Skipping unneeded JARs during scanning can improve startup time and JSP compilation time.
Sep 04, 2018 2:00:17 PM org.apache.catalina.startup.HostConfig deployDescriptor
INFO: Deployment of configuration descriptor C:\adt-bundle\13 - apache-tomcat-7.0.70\apache-tomcat-7.0.70\conf\Catalina\localhost\MVC.xml has finished in 133 ms
Sep 04, 2018 2:00:17 PM org.apache.catalina.util.LifecycleBase start
INFO: The start() method was called on component [StandardEngine[Catalina].StandardHost[localhost].StandardContext[/MVC]] after start() had already been called. The second call will be ignored.
Sep 04, 2018 2:00:23 PM org.apache.catalina.startup.HostConfig undeploy
INFO: Undeploying context [/MVC]
Sep 04, 2018 2:00:23 PM org.apache.catalina.startup.HostConfig deployDescriptor
INFO: Deploying configuration descriptor C:\adt-bundle\13 - apache-tomcat-7.0.70\apache-tomcat-7.0.70\conf\Catalina\localhost\MVC.xml
Sep 04, 2018 2:00:23 PM org.apache.catalina.startup.TldConfig execute
INFO: At least one JAR was scanned for TLDs yet contained no TLDs. Enable debug logging for this logger for a complete list of JARs that were scanned but no TLDs were found in them. Skipping unneeded JARs during scanning can improve startup time and JSP compilation time.
Sep 04, 2018 2:00:23 PM org.apache.catalina.startup.HostConfig deployDescriptor
INFO: Deployment of configuration descriptor C:\adt-bundle\13 - apache-tomcat-7.0.70\apache-tomcat-7.0.70\conf\Catalina\localhost\MVC.xml has finished in 216 ms
Sep 04, 2018 2:00:23 PM org.apache.catalina.util.LifecycleBase start
INFO: The start() method was called on component [StandardEngine[Catalina].StandardHost[localhost].StandardContext[/MVC]] after start() had already been called. The second call will be ignored.
Sep 04, 2018 2:00:48 PM org.apache.catalina.startup.HostConfig undeploy
INFO: Undeploying context [/MVC]
Sep 04, 2018 2:00:48 PM org.apache.catalina.startup.HostConfig deployDescriptor
INFO: Deploying configuration descriptor C:\adt-bundle\13 - apache-tomcat-7.0.70\apache-tomcat-7.0.70\conf\Catalina\localhost\MVC.xml
Sep 04, 2018 2:00:48 PM org.apache.catalina.startup.TldConfig execute
INFO: At least one JAR was scanned for TLDs yet contained no TLDs. Enable debug logging for this logger for a complete list of JARs that were scanned but no TLDs were found in them. Skipping unneeded JARs during scanning can improve startup time and JSP compilation time.
Sep 04, 2018 2:00:48 PM org.apache.catalina.startup.HostConfig deployDescriptor
INFO: Deployment of configuration descriptor C:\adt-bundle\13 - apache-tomcat-7.0.70\apache-tomcat-7.0.70\conf\Catalina\localhost\MVC.xml has finished in 153 ms
Sep 04, 2018 2:00:48 PM org.apache.catalina.util.LifecycleBase start
INFO: The start() method was called on component [StandardEngine[Catalina].StandardHost[localhost].StandardContext[/MVC]] after start() had already been called. The second call will be ignored.
Sep 04, 2018 2:01:27 PM org.apache.catalina.startup.HostConfig undeploy
INFO: Undeploying context [/MVC]
Sep 04, 2018 2:01:30 PM org.apache.catalina.startup.HostConfig deployDescriptor
INFO: Deploying configuration descriptor C:\adt-bundle\13 - apache-tomcat-7.0.70\apache-tomcat-7.0.70\conf\Catalina\localhost\MVC.xml
Sep 04, 2018 2:01:30 PM org.apache.catalina.startup.TldConfig execute
INFO: At least one JAR was scanned for TLDs yet contained no TLDs. Enable debug logging for this logger for a complete list of JARs that were scanned but no TLDs were found in them. Skipping unneeded JARs during scanning can improve startup time and JSP compilation time.
Sep 04, 2018 2:01:30 PM org.apache.catalina.startup.HostConfig deployDescriptor
INFO: Deployment of configuration descriptor C:\adt-bundle\13 - apache-tomcat-7.0.70\apache-tomcat-7.0.70\conf\Catalina\localhost\MVC.xml has finished in 156 ms
Sep 04, 2018 2:01:30 PM org.apache.catalina.util.LifecycleBase start
INFO: The start() method was called on component [StandardEngine[Catalina].StandardHost[localhost].StandardContext[/MVC]] after start() had already been called. The second call will be ignored.
Sep 04, 2018 2:02:55 PM org.apache.catalina.loader.WebappClassLoaderBase clearReferencesJdbc
SEVERE: The web application [/MVC] registered the JDBC driver [com.mysql.jdbc.Driver] but failed to unregister it when the web application was stopped. To prevent a memory leak, the JDBC Driver has been forcibly unregistered.
Sep 04, 2018 2:02:55 PM org.apache.catalina.startup.HostConfig undeploy
INFO: Undeploying context [/MVC]
Sep 04, 2018 2:02:55 PM org.apache.catalina.startup.HostConfig deployDescriptor
INFO: Deploying configuration descriptor C:\adt-bundle\13 - apache-tomcat-7.0.70\apache-tomcat-7.0.70\conf\Catalina\localhost\MVC.xml
Sep 04, 2018 2:02:55 PM org.apache.catalina.startup.TldConfig execute
INFO: At least one JAR was scanned for TLDs yet contained no TLDs. Enable debug logging for this logger for a complete list of JARs that were scanned but no TLDs were found in them. Skipping unneeded JARs during scanning can improve startup time and JSP compilation time.
Sep 04, 2018 2:02:55 PM org.apache.catalina.startup.HostConfig deployDescriptor
INFO: Deployment of configuration descriptor C:\adt-bundle\13 - apache-tomcat-7.0.70\apache-tomcat-7.0.70\conf\Catalina\localhost\MVC.xml has finished in 158 ms
Sep 04, 2018 2:02:55 PM org.apache.catalina.util.LifecycleBase start
INFO: The start() method was called on component [StandardEngine[Catalina].StandardHost[localhost].StandardContext[/MVC]] after start() had already been called. The second call will be ignored.
Sep 04, 2018 2:12:58 PM org.apache.catalina.loader.WebappClassLoaderBase clearReferencesJdbc
SEVERE: The web application [/MVC] registered the JDBC driver [com.mysql.jdbc.Driver] but failed to unregister it when the web application was stopped. To prevent a memory leak, the JDBC Driver has been forcibly unregistered.
Sep 04, 2018 2:12:58 PM org.apache.catalina.startup.HostConfig undeploy
INFO: Undeploying context [/MVC]
Sep 04, 2018 2:12:58 PM org.apache.catalina.startup.HostConfig deployDescriptor
INFO: Deploying configuration descriptor C:\adt-bundle\13 - apache-tomcat-7.0.70\apache-tomcat-7.0.70\conf\Catalina\localhost\MVC.xml
Sep 04, 2018 2:12:58 PM org.apache.catalina.startup.TldConfig execute
INFO: At least one JAR was scanned for TLDs yet contained no TLDs. Enable debug logging for this logger for a complete list of JARs that were scanned but no TLDs were found in them. Skipping unneeded JARs during scanning can improve startup time and JSP compilation time.
Sep 04, 2018 2:12:58 PM org.apache.catalina.startup.HostConfig deployDescriptor
INFO: Deployment of configuration descriptor C:\adt-bundle\13 - apache-tomcat-7.0.70\apache-tomcat-7.0.70\conf\Catalina\localhost\MVC.xml has finished in 207 ms
Sep 04, 2018 2:12:58 PM org.apache.catalina.util.LifecycleBase start
INFO: The start() method was called on component [StandardEngine[Catalina].StandardHost[localhost].StandardContext[/MVC]] after start() had already been called. The second call will be ignored.
Sep 04, 2018 2:15:11 PM org.apache.catalina.core.StandardContext reload
INFO: Reloading Context with name [/MVC] has started
Sep 04, 2018 2:15:11 PM org.apache.catalina.loader.WebappClassLoaderBase clearReferencesJdbc
SEVERE: The web application [/MVC] registered the JDBC driver [com.mysql.jdbc.Driver] but failed to unregister it when the web application was stopped. To prevent a memory leak, the JDBC Driver has been forcibly unregistered.
Sep 04, 2018 2:15:11 PM org.apache.catalina.startup.TldConfig execute
INFO: At least one JAR was scanned for TLDs yet contained no TLDs. Enable debug logging for this logger for a complete list of JARs that were scanned but no TLDs were found in them. Skipping unneeded JARs during scanning can improve startup time and JSP compilation time.
Sep 04, 2018 2:15:11 PM org.apache.catalina.core.StandardContext reload
INFO: Reloading Context with name [/MVC] is completed
Sep 04, 2018 2:15:12 PM org.apache.catalina.core.StandardContext reload
INFO: Reloading Context with name [/MVC] has started
Sep 04, 2018 2:15:12 PM org.apache.catalina.startup.TldConfig execute
INFO: At least one JAR was scanned for TLDs yet contained no TLDs. Enable debug logging for this logger for a complete list of JARs that were scanned but no TLDs were found in them. Skipping unneeded JARs during scanning can improve startup time and JSP compilation time.
Sep 04, 2018 2:15:12 PM org.apache.catalina.core.StandardContext reload
INFO: Reloading Context with name [/MVC] is completed
Sep 04, 2018 2:26:10 PM org.apache.catalina.loader.WebappClassLoaderBase clearReferencesJdbc
SEVERE: The web application [/MVC] registered the JDBC driver [com.mysql.jdbc.Driver] but failed to unregister it when the web application was stopped. To prevent a memory leak, the JDBC Driver has been forcibly unregistered.
Sep 04, 2018 2:26:11 PM org.apache.catalina.startup.HostConfig undeploy
INFO: Undeploying context [/MVC]
Sep 04, 2018 2:26:11 PM org.apache.catalina.startup.HostConfig deployDescriptor
INFO: Deploying configuration descriptor C:\adt-bundle\13 - apache-tomcat-7.0.70\apache-tomcat-7.0.70\conf\Catalina\localhost\MVC.xml
Sep 04, 2018 2:26:11 PM org.apache.catalina.startup.TldConfig execute
INFO: At least one JAR was scanned for TLDs yet contained no TLDs. Enable debug logging for this logger for a complete list of JARs that were scanned but no TLDs were found in them. Skipping unneeded JARs during scanning can improve startup time and JSP compilation time.
Sep 04, 2018 2:26:11 PM org.apache.catalina.startup.HostConfig deployDescriptor
INFO: Deployment of configuration descriptor C:\adt-bundle\13 - apache-tomcat-7.0.70\apache-tomcat-7.0.70\conf\Catalina\localhost\MVC.xml has finished in 206 ms
Sep 04, 2018 2:26:11 PM org.apache.catalina.util.LifecycleBase start
INFO: The start() method was called on component [StandardEngine[Catalina].StandardHost[localhost].StandardContext[/MVC]] after start() had already been called. The second call will be ignored.
Sep 04, 2018 2:26:43 PM org.apache.catalina.startup.HostConfig undeploy
INFO: Undeploying context [/MVC]
Sep 04, 2018 2:26:43 PM org.apache.catalina.startup.HostConfig deployDescriptor
INFO: Deploying configuration descriptor C:\adt-bundle\13 - apache-tomcat-7.0.70\apache-tomcat-7.0.70\conf\Catalina\localhost\MVC.xml
Sep 04, 2018 2:26:44 PM org.apache.catalina.startup.TldConfig execute
INFO: At least one JAR was scanned for TLDs yet contained no TLDs. Enable debug logging for this logger for a complete list of JARs that were scanned but no TLDs were found in them. Skipping unneeded JARs during scanning can improve startup time and JSP compilation time.
Sep 04, 2018 2:26:44 PM org.apache.catalina.startup.HostConfig deployDescriptor
INFO: Deployment of configuration descriptor C:\adt-bundle\13 - apache-tomcat-7.0.70\apache-tomcat-7.0.70\conf\Catalina\localhost\MVC.xml has finished in 152 ms
Sep 04, 2018 2:26:44 PM org.apache.catalina.util.LifecycleBase start
INFO: The start() method was called on component [StandardEngine[Catalina].StandardHost[localhost].StandardContext[/MVC]] after start() had already been called. The second call will be ignored.
Sep 04, 2018 2:29:02 PM org.apache.catalina.loader.WebappClassLoaderBase clearReferencesJdbc
SEVERE: The web application [/MVC] registered the JDBC driver [com.mysql.jdbc.Driver] but failed to unregister it when the web application was stopped. To prevent a memory leak, the JDBC Driver has been forcibly unregistered.
Sep 04, 2018 2:29:03 PM org.apache.catalina.startup.HostConfig undeploy
INFO: Undeploying context [/MVC]
Sep 04, 2018 2:29:03 PM org.apache.catalina.startup.HostConfig deployDescriptor
INFO: Deploying configuration descriptor C:\adt-bundle\13 - apache-tomcat-7.0.70\apache-tomcat-7.0.70\conf\Catalina\localhost\MVC.xml
Sep 04, 2018 2:29:03 PM org.apache.catalina.startup.TldConfig execute
INFO: At least one JAR was scanned for TLDs yet contained no TLDs. Enable debug logging for this logger for a complete list of JARs that were scanned but no TLDs were found in them. Skipping unneeded JARs during scanning can improve startup time and JSP compilation time.
Sep 04, 2018 2:29:03 PM org.apache.catalina.startup.HostConfig deployDescriptor
INFO: Deployment of configuration descriptor C:\adt-bundle\13 - apache-tomcat-7.0.70\apache-tomcat-7.0.70\conf\Catalina\localhost\MVC.xml has finished in 164 ms
Sep 04, 2018 2:29:03 PM org.apache.catalina.util.LifecycleBase start
INFO: The start() method was called on component [StandardEngine[Catalina].StandardHost[localhost].StandardContext[/MVC]] after start() had already been called. The second call will be ignored.
Sep 04, 2018 2:29:49 PM org.apache.catalina.loader.WebappClassLoaderBase clearReferencesJdbc
SEVERE: The web application [/MVC] registered the JDBC driver [com.mysql.jdbc.Driver] but failed to unregister it when the web application was stopped. To prevent a memory leak, the JDBC Driver has been forcibly unregistered.
Sep 04, 2018 2:29:49 PM org.apache.catalina.startup.HostConfig undeploy
INFO: Undeploying context [/MVC]
Sep 04, 2018 2:29:49 PM org.apache.catalina.startup.HostConfig deployDescriptor
INFO: Deploying configuration descriptor C:\adt-bundle\13 - apache-tomcat-7.0.70\apache-tomcat-7.0.70\conf\Catalina\localhost\MVC.xml
Sep 04, 2018 2:29:50 PM org.apache.catalina.startup.TldConfig execute
INFO: At least one JAR was scanned for TLDs yet contained no TLDs. Enable debug logging for this logger for a complete list of JARs that were scanned but no TLDs were found in them. Skipping unneeded JARs during scanning can improve startup time and JSP compilation time.
Sep 04, 2018 2:29:50 PM org.apache.catalina.startup.HostConfig deployDescriptor
INFO: Deployment of configuration descriptor C:\adt-bundle\13 - apache-tomcat-7.0.70\apache-tomcat-7.0.70\conf\Catalina\localhost\MVC.xml has finished in 161 ms
Sep 04, 2018 2:29:50 PM org.apache.catalina.util.LifecycleBase start
INFO: The start() method was called on component [StandardEngine[Catalina].StandardHost[localhost].StandardContext[/MVC]] after start() had already been called. The second call will be ignored.
Sep 04, 2018 2:33:32 PM org.apache.catalina.core.StandardContext reload
INFO: Reloading Context with name [/MVC] has started
Sep 04, 2018 2:33:32 PM org.apache.catalina.loader.WebappClassLoaderBase clearReferencesJdbc
SEVERE: The web application [/MVC] registered the JDBC driver [com.mysql.jdbc.Driver] but failed to unregister it when the web application was stopped. To prevent a memory leak, the JDBC Driver has been forcibly unregistered.
Sep 04, 2018 2:33:33 PM org.apache.catalina.startup.TldConfig execute
INFO: At least one JAR was scanned for TLDs yet contained no TLDs. Enable debug logging for this logger for a complete list of JARs that were scanned but no TLDs were found in them. Skipping unneeded JARs during scanning can improve startup time and JSP compilation time.
Sep 04, 2018 2:33:33 PM org.apache.catalina.core.StandardContext reload
INFO: Reloading Context with name [/MVC] is completed
Sep 04, 2018 2:33:57 PM org.apache.catalina.core.StandardContext reload
INFO: Reloading Context with name [/MVC] has started
Sep 04, 2018 2:33:57 PM org.apache.catalina.startup.TldConfig execute
INFO: At least one JAR was scanned for TLDs yet contained no TLDs. Enable debug logging for this logger for a complete list of JARs that were scanned but no TLDs were found in them. Skipping unneeded JARs during scanning can improve startup time and JSP compilation time.
Sep 04, 2018 2:33:57 PM org.apache.catalina.core.StandardContext reload
INFO: Reloading Context with name [/MVC] is completed
