Aug 28, 2018 12:39:22 PM org.apache.catalina.core.ApplicationContext log
INFO: Manager: init: Associated with Deployer 'Catalina:type=Deployer,host=localhost'
Aug 28, 2018 12:39:22 PM org.apache.catalina.core.ApplicationContext log
INFO: Manager: init: Global resources are available
Aug 28, 2018 12:39:22 PM org.apache.catalina.core.ApplicationContext log
INFO: Manager: list: Listing contexts for virtual host 'localhost'
Aug 28, 2018 12:39:22 PM org.apache.catalina.core.ApplicationContext log
INFO: Manager: list: Listing contexts for virtual host 'localhost'
Aug 28, 2018 12:39:22 PM org.apache.catalina.core.ApplicationContext log
INFO: Manager: stop: Stopping web application '/MVC'
Aug 28, 2018 12:39:22 PM org.apache.catalina.core.ApplicationContext log
INFO: Manager: start: Starting web application '/MVC'
Aug 28, 2018 12:41:05 PM org.apache.catalina.core.ApplicationContext log
INFO: Manager: list: Listing contexts for virtual host 'localhost'
Aug 28, 2018 12:41:05 PM org.apache.catalina.core.ApplicationContext log
INFO: Manager: list: Listing contexts for virtual host 'localhost'
Aug 28, 2018 12:44:36 PM org.apache.catalina.core.ApplicationContext log
INFO: Manager: list: Listing contexts for virtual host 'localhost'
Aug 28, 2018 12:44:36 PM org.apache.catalina.core.ApplicationContext log
INFO: Manager: restart: Reloading web application '/MVC'
Aug 28, 2018 12:44:45 PM org.apache.catalina.core.ApplicationContext log
INFO: Manager: list: Listing contexts for virtual host 'localhost'
Aug 28, 2018 12:44:45 PM org.apache.catalina.core.ApplicationContext log
INFO: Manager: list: Listing contexts for virtual host 'localhost'
Aug 28, 2018 12:44:45 PM org.apache.catalina.core.ApplicationContext log
INFO: Manager: restart: Reloading web application '/MVC'
Aug 28, 2018 1:48:26 PM org.apache.catalina.core.ApplicationContext log
INFO: Manager: list: Listing contexts for virtual host 'localhost'
Aug 28, 2018 1:48:26 PM org.apache.catalina.core.ApplicationContext log
INFO: Manager: list: Listing contexts for virtual host 'localhost'
Aug 28, 2018 1:49:14 PM org.apache.catalina.core.ApplicationContext log
INFO: Manager: list: Listing contexts for virtual host 'localhost'
Aug 28, 2018 1:49:14 PM org.apache.catalina.core.ApplicationContext log
INFO: Manager: list: Listing contexts for virtual host 'localhost'
Aug 28, 2018 1:50:43 PM org.apache.catalina.core.ApplicationContext log
INFO: Manager: list: Listing contexts for virtual host 'localhost'
Aug 28, 2018 1:50:43 PM org.apache.catalina.core.ApplicationContext log
INFO: Manager: list: Listing contexts for virtual host 'localhost'
