Aug 25, 2018 5:04:24 PM org.apache.catalina.core.ApplicationContext log
INFO: Manager: init: Associated with Deployer 'Catalina:type=Deployer,host=localhost'
Aug 25, 2018 5:04:24 PM org.apache.catalina.core.ApplicationContext log
INFO: Manager: init: Global resources are available
Aug 25, 2018 5:04:24 PM org.apache.catalina.core.ApplicationContext log
INFO: Manager: list: Listing contexts for virtual host 'localhost'
Aug 25, 2018 5:04:24 PM org.apache.catalina.core.ApplicationContext log
INFO: Manager: list: Listing contexts for virtual host 'localhost'
Aug 25, 2018 5:04:24 PM org.apache.catalina.core.ApplicationContext log
INFO: Manager: install: Installing context configuration at 'file:/C:/Users/IG264C~1/AppData/Local/Temp/context277737028127192249.xml'
Aug 25, 2018 5:04:24 PM org.apache.catalina.core.ApplicationContext log
INFO: Manager: start: Starting web application '/MVC'
Aug 25, 2018 5:06:29 PM org.apache.catalina.core.ApplicationContext log
INFO: Manager: list: Listing contexts for virtual host 'localhost'
Aug 25, 2018 5:06:29 PM org.apache.catalina.core.ApplicationContext log
INFO: Manager: list: Listing contexts for virtual host 'localhost'
Aug 25, 2018 5:14:01 PM org.apache.catalina.core.ApplicationContext log
INFO: Manager: list: Listing contexts for virtual host 'localhost'
Aug 25, 2018 5:14:03 PM org.apache.catalina.core.ApplicationContext log
INFO: Manager: list: Listing contexts for virtual host 'localhost'
Aug 25, 2018 5:14:03 PM org.apache.catalina.core.ApplicationContext log
INFO: Manager: list: Listing contexts for virtual host 'localhost'
Aug 25, 2018 5:15:47 PM org.apache.catalina.core.ApplicationContext log
INFO: Manager: list: Listing contexts for virtual host 'localhost'
Aug 25, 2018 5:15:57 PM org.apache.catalina.core.ApplicationContext log
INFO: Manager: list: Listing contexts for virtual host 'localhost'
Aug 25, 2018 5:15:57 PM org.apache.catalina.core.ApplicationContext log
INFO: Manager: list: Listing contexts for virtual host 'localhost'
Aug 25, 2018 5:30:24 PM org.apache.catalina.core.ApplicationContext log
INFO: Manager: list: Listing contexts for virtual host 'localhost'
Aug 25, 2018 5:30:24 PM org.apache.catalina.core.ApplicationContext log
INFO: Manager: restart: Reloading web application '/MVC'
Aug 25, 2018 5:30:25 PM org.apache.catalina.core.ApplicationContext log
INFO: Manager: list: Listing contexts for virtual host 'localhost'
Aug 25, 2018 5:30:25 PM org.apache.catalina.core.ApplicationContext log
INFO: Manager: restart: Reloading web application '/MVC'
Aug 25, 2018 5:38:30 PM org.apache.catalina.core.ApplicationContext log
INFO: Manager: list: Listing contexts for virtual host 'localhost'
Aug 25, 2018 5:38:30 PM org.apache.catalina.core.ApplicationContext log
INFO: Manager: restart: Reloading web application '/MVC'
Aug 25, 2018 5:39:29 PM org.apache.catalina.core.ApplicationContext log
INFO: Manager: list: Listing contexts for virtual host 'localhost'
Aug 25, 2018 5:39:29 PM org.apache.catalina.core.ApplicationContext log
INFO: Manager: restart: Reloading web application '/MVC'
Aug 25, 2018 5:39:31 PM org.apache.catalina.core.ApplicationContext log
INFO: Manager: list: Listing contexts for virtual host 'localhost'
Aug 25, 2018 5:39:31 PM org.apache.catalina.core.ApplicationContext log
INFO: Manager: restart: Reloading web application '/MVC'
Aug 25, 2018 5:39:31 PM org.apache.catalina.core.ApplicationContext log
INFO: Manager: list: Listing contexts for virtual host 'localhost'
Aug 25, 2018 5:39:31 PM org.apache.catalina.core.ApplicationContext log
INFO: Manager: restart: Reloading web application '/MVC'
Aug 25, 2018 5:47:47 PM org.apache.catalina.core.ApplicationContext log
INFO: Manager: list: Listing contexts for virtual host 'localhost'
Aug 25, 2018 5:47:47 PM org.apache.catalina.core.ApplicationContext log
INFO: Manager: restart: Reloading web application '/MVC'
Aug 25, 2018 5:50:50 PM org.apache.catalina.core.ApplicationContext log
INFO: Manager: list: Listing contexts for virtual host 'localhost'
Aug 25, 2018 5:53:12 PM org.apache.catalina.core.ApplicationContext log
INFO: Manager: list: Listing contexts for virtual host 'localhost'
Aug 25, 2018 5:53:12 PM org.apache.catalina.core.ApplicationContext log
INFO: Manager: restart: Reloading web application '/MVC'
Aug 25, 2018 5:54:05 PM org.apache.catalina.core.ApplicationContext log
INFO: Manager: list: Listing contexts for virtual host 'localhost'
Aug 25, 2018 5:54:05 PM org.apache.catalina.core.ApplicationContext log
INFO: Manager: restart: Reloading web application '/MVC'
Aug 25, 2018 5:55:29 PM org.apache.catalina.core.ApplicationContext log
INFO: Manager: list: Listing contexts for virtual host 'localhost'
Aug 25, 2018 5:55:29 PM org.apache.catalina.core.ApplicationContext log
INFO: Manager: restart: Reloading web application '/MVC'
Aug 25, 2018 5:58:33 PM org.apache.catalina.core.ApplicationContext log
INFO: Manager: list: Listing contexts for virtual host 'localhost'
Aug 25, 2018 5:58:33 PM org.apache.catalina.core.ApplicationContext log
INFO: Manager: restart: Reloading web application '/MVC'
Aug 25, 2018 5:58:33 PM org.apache.catalina.core.ApplicationContext log
INFO: Manager: list: Listing contexts for virtual host 'localhost'
Aug 25, 2018 5:58:33 PM org.apache.catalina.core.ApplicationContext log
INFO: Manager: restart: Reloading web application '/MVC'
Aug 25, 2018 6:05:16 PM org.apache.catalina.core.ApplicationContext log
INFO: Manager: list: Listing contexts for virtual host 'localhost'
Aug 25, 2018 6:05:16 PM org.apache.catalina.core.ApplicationContext log
INFO: Manager: restart: Reloading web application '/MVC'
Aug 25, 2018 6:05:16 PM org.apache.catalina.core.ApplicationContext log
INFO: Manager: list: Listing contexts for virtual host 'localhost'
Aug 25, 2018 6:05:16 PM org.apache.catalina.core.ApplicationContext log
INFO: Manager: restart: Reloading web application '/MVC'
