Sep 04, 2018 10:59:42 AM org.apache.catalina.core.ApplicationContext log
INFO: Manager: init: Associated with Deployer 'Catalina:type=Deployer,host=localhost'
Sep 04, 2018 10:59:42 AM org.apache.catalina.core.ApplicationContext log
INFO: Manager: init: Global resources are available
Sep 04, 2018 10:59:42 AM org.apache.catalina.core.ApplicationContext log
INFO: Manager: list: Listing contexts for virtual host 'localhost'
Sep 04, 2018 10:59:42 AM org.apache.catalina.core.ApplicationContext log
INFO: Manager: list: Listing contexts for virtual host 'localhost'
Sep 04, 2018 11:00:42 AM org.apache.catalina.core.ApplicationContext log
INFO: Manager: list: Listing contexts for virtual host 'localhost'
Sep 04, 2018 11:02:01 AM org.apache.catalina.core.ApplicationContext log
INFO: Manager: list: Listing contexts for virtual host 'localhost'
Sep 04, 2018 11:02:01 AM org.apache.catalina.core.ApplicationContext log
INFO: Manager: list: Listing contexts for virtual host 'localhost'
Sep 04, 2018 11:03:50 AM org.apache.catalina.core.ApplicationContext log
INFO: Manager: list: Listing contexts for virtual host 'localhost'
Sep 04, 2018 11:03:52 AM org.apache.catalina.core.ApplicationContext log
INFO: Manager: list: Listing contexts for virtual host 'localhost'
Sep 04, 2018 11:03:52 AM org.apache.catalina.core.ApplicationContext log
INFO: Manager: list: Listing contexts for virtual host 'localhost'
Sep 04, 2018 11:47:02 AM org.apache.catalina.core.ApplicationContext log
INFO: Manager: list: Listing contexts for virtual host 'localhost'
Sep 04, 2018 12:25:21 PM org.apache.catalina.core.ApplicationContext log
INFO: Manager: list: Listing contexts for virtual host 'localhost'
Sep 04, 2018 12:25:21 PM org.apache.catalina.core.ApplicationContext log
INFO: Manager: restart: Reloading web application '/MVC'
Sep 04, 2018 12:25:47 PM org.apache.catalina.core.ApplicationContext log
INFO: Manager: list: Listing contexts for virtual host 'localhost'
Sep 04, 2018 12:25:47 PM org.apache.catalina.core.ApplicationContext log
INFO: Manager: restart: Reloading web application '/MVC'
Sep 04, 2018 12:25:53 PM org.apache.catalina.core.ApplicationContext log
INFO: Manager: list: Listing contexts for virtual host 'localhost'
Sep 04, 2018 12:25:53 PM org.apache.catalina.core.ApplicationContext log
INFO: Manager: restart: Reloading web application '/MVC'
Sep 04, 2018 12:25:57 PM org.apache.catalina.core.ApplicationContext log
INFO: Manager: list: Listing contexts for virtual host 'localhost'
Sep 04, 2018 12:25:57 PM org.apache.catalina.core.ApplicationContext log
INFO: Manager: restart: Reloading web application '/MVC'
Sep 04, 2018 12:26:05 PM org.apache.catalina.core.ApplicationContext log
INFO: Manager: list: Listing contexts for virtual host 'localhost'
Sep 04, 2018 12:26:05 PM org.apache.catalina.core.ApplicationContext log
INFO: Manager: restart: Reloading web application '/MVC'
Sep 04, 2018 12:26:09 PM org.apache.catalina.core.ApplicationContext log
INFO: Manager: list: Listing contexts for virtual host 'localhost'
Sep 04, 2018 12:26:09 PM org.apache.catalina.core.ApplicationContext log
INFO: Manager: restart: Reloading web application '/MVC'
Sep 04, 2018 12:26:44 PM org.apache.catalina.core.ApplicationContext log
INFO: Manager: list: Listing contexts for virtual host 'localhost'
Sep 04, 2018 12:26:44 PM org.apache.catalina.core.ApplicationContext log
INFO: Manager: restart: Reloading web application '/MVC'
Sep 04, 2018 12:26:55 PM org.apache.catalina.core.ApplicationContext log
INFO: Manager: list: Listing contexts for virtual host 'localhost'
Sep 04, 2018 12:26:55 PM org.apache.catalina.core.ApplicationContext log
INFO: Manager: restart: Reloading web application '/MVC'
Sep 04, 2018 12:26:56 PM org.apache.catalina.core.ApplicationContext log
INFO: Manager: list: Listing contexts for virtual host 'localhost'
Sep 04, 2018 12:26:56 PM org.apache.catalina.core.ApplicationContext log
INFO: Manager: restart: Reloading web application '/MVC'
Sep 04, 2018 12:27:35 PM org.apache.catalina.core.ApplicationContext log
INFO: Manager: list: Listing contexts for virtual host 'localhost'
Sep 04, 2018 12:27:35 PM org.apache.catalina.core.ApplicationContext log
INFO: Manager: restart: Reloading web application '/MVC'
Sep 04, 2018 12:28:15 PM org.apache.catalina.core.ApplicationContext log
INFO: Manager: list: Listing contexts for virtual host 'localhost'
Sep 04, 2018 12:28:15 PM org.apache.catalina.core.ApplicationContext log
INFO: Manager: restart: Reloading web application '/MVC'
Sep 04, 2018 12:29:17 PM org.apache.catalina.core.ApplicationContext log
INFO: Manager: list: Listing contexts for virtual host 'localhost'
Sep 04, 2018 12:29:17 PM org.apache.catalina.core.ApplicationContext log
INFO: Manager: restart: Reloading web application '/MVC'
Sep 04, 2018 12:29:22 PM org.apache.catalina.core.ApplicationContext log
INFO: Manager: list: Listing contexts for virtual host 'localhost'
Sep 04, 2018 12:29:22 PM org.apache.catalina.core.ApplicationContext log
INFO: Manager: restart: Reloading web application '/MVC'
Sep 04, 2018 12:29:32 PM org.apache.catalina.core.ApplicationContext log
INFO: Manager: list: Listing contexts for virtual host 'localhost'
Sep 04, 2018 12:29:32 PM org.apache.catalina.core.ApplicationContext log
INFO: Manager: restart: Reloading web application '/MVC'
Sep 04, 2018 12:29:32 PM org.apache.catalina.core.ApplicationContext log
INFO: Manager: list: Listing contexts for virtual host 'localhost'
Sep 04, 2018 12:29:32 PM org.apache.catalina.core.ApplicationContext log
INFO: Manager: restart: Reloading web application '/MVC'
Sep 04, 2018 12:29:54 PM org.apache.catalina.core.ApplicationContext log
INFO: Manager: list: Listing contexts for virtual host 'localhost'
Sep 04, 2018 12:29:54 PM org.apache.catalina.core.ApplicationContext log
INFO: Manager: restart: Reloading web application '/MVC'
Sep 04, 2018 12:30:01 PM org.apache.catalina.core.ApplicationContext log
INFO: Manager: list: Listing contexts for virtual host 'localhost'
Sep 04, 2018 12:30:01 PM org.apache.catalina.core.ApplicationContext log
INFO: Manager: restart: Reloading web application '/MVC'
Sep 04, 2018 12:30:02 PM org.apache.catalina.core.ApplicationContext log
INFO: Manager: list: Listing contexts for virtual host 'localhost'
Sep 04, 2018 12:30:02 PM org.apache.catalina.core.ApplicationContext log
INFO: Manager: restart: Reloading web application '/MVC'
Sep 04, 2018 12:30:05 PM org.apache.catalina.core.ApplicationContext log
INFO: Manager: list: Listing contexts for virtual host 'localhost'
Sep 04, 2018 12:30:24 PM org.apache.catalina.core.ApplicationContext log
INFO: Manager: list: Listing contexts for virtual host 'localhost'
Sep 04, 2018 12:30:26 PM org.apache.catalina.core.ApplicationContext log
INFO: Manager: list: Listing contexts for virtual host 'localhost'
Sep 04, 2018 12:30:40 PM org.apache.catalina.core.ApplicationContext log
INFO: Manager: list: Listing contexts for virtual host 'localhost'
Sep 04, 2018 12:30:44 PM org.apache.catalina.core.ApplicationContext log
INFO: Manager: list: Listing contexts for virtual host 'localhost'
Sep 04, 2018 12:31:01 PM org.apache.catalina.core.ApplicationContext log
INFO: Manager: list: Listing contexts for virtual host 'localhost'
Sep 04, 2018 12:31:08 PM org.apache.catalina.core.ApplicationContext log
INFO: Manager: list: Listing contexts for virtual host 'localhost'
Sep 04, 2018 12:31:08 PM org.apache.catalina.core.ApplicationContext log
INFO: Manager: undeploy: Undeploying web application at '/MVC'
Sep 04, 2018 12:31:29 PM org.apache.catalina.core.ApplicationContext log
INFO: Manager: init: Associated with Deployer 'Catalina:type=Deployer,host=localhost'
Sep 04, 2018 12:31:29 PM org.apache.catalina.core.ApplicationContext log
INFO: Manager: init: Global resources are available
Sep 04, 2018 12:31:29 PM org.apache.catalina.core.ApplicationContext log
INFO: Manager: list: Listing contexts for virtual host 'localhost'
Sep 04, 2018 12:31:29 PM org.apache.catalina.core.ApplicationContext log
INFO: Manager: list: Listing contexts for virtual host 'localhost'
Sep 04, 2018 12:31:29 PM org.apache.catalina.core.ApplicationContext log
INFO: Manager: install: Installing context configuration at 'file:/C:/Users/IG264C~1/AppData/Local/Temp/context325533019877926433.xml'
Sep 04, 2018 12:31:30 PM org.apache.catalina.core.ApplicationContext log
INFO: Manager: start: Starting web application '/MVC'
Sep 04, 2018 12:32:25 PM org.apache.catalina.core.ApplicationContext log
INFO: Manager: list: Listing contexts for virtual host 'localhost'
Sep 04, 2018 12:32:25 PM org.apache.catalina.core.ApplicationContext log
INFO: Manager: restart: Reloading web application '/MVC'
Sep 04, 2018 12:32:28 PM org.apache.catalina.core.ApplicationContext log
INFO: Manager: list: Listing contexts for virtual host 'localhost'
Sep 04, 2018 12:32:28 PM org.apache.catalina.core.ApplicationContext log
INFO: Manager: list: Listing contexts for virtual host 'localhost'
Sep 04, 2018 12:32:28 PM org.apache.catalina.core.ApplicationContext log
INFO: Manager: undeploy: Undeploying web application at '/MVC'
Sep 04, 2018 12:32:29 PM org.apache.catalina.core.ApplicationContext log
INFO: Manager: install: Installing context configuration at 'file:/C:/Users/IG264C~1/AppData/Local/Temp/context2889609811766167122.xml'
Sep 04, 2018 12:32:29 PM org.apache.catalina.core.ApplicationContext log
INFO: Manager: start: Starting web application '/MVC'
Sep 04, 2018 1:56:57 PM org.apache.catalina.core.ApplicationContext log
INFO: Manager: list: Listing contexts for virtual host 'localhost'
Sep 04, 2018 1:56:57 PM org.apache.catalina.core.ApplicationContext log
INFO: Manager: list: Listing contexts for virtual host 'localhost'
Sep 04, 2018 1:56:57 PM org.apache.catalina.core.ApplicationContext log
INFO: Manager: restart: Reloading web application '/MVC'
Sep 04, 2018 1:58:12 PM org.apache.catalina.core.ApplicationContext log
INFO: Manager: list: Listing contexts for virtual host 'localhost'
Sep 04, 2018 1:58:12 PM org.apache.catalina.core.ApplicationContext log
INFO: Manager: undeploy: Undeploying web application at '/MVC'
Sep 04, 2018 1:58:23 PM org.apache.catalina.core.ApplicationContext log
INFO: Manager: list: Listing contexts for virtual host 'localhost'
Sep 04, 2018 1:58:23 PM org.apache.catalina.core.ApplicationContext log
INFO: Manager: list: Listing contexts for virtual host 'localhost'
Sep 04, 2018 1:58:24 PM org.apache.catalina.core.ApplicationContext log
INFO: Manager: install: Installing context configuration at 'file:/C:/Users/IG264C~1/AppData/Local/Temp/context1179678888541475164.xml'
Sep 04, 2018 1:58:24 PM org.apache.catalina.core.ApplicationContext log
INFO: Manager: start: Starting web application '/MVC'
Sep 04, 2018 1:59:13 PM org.apache.catalina.core.ApplicationContext log
INFO: Manager: list: Listing contexts for virtual host 'localhost'
Sep 04, 2018 1:59:13 PM org.apache.catalina.core.ApplicationContext log
INFO: Manager: list: Listing contexts for virtual host 'localhost'
Sep 04, 2018 1:59:13 PM org.apache.catalina.core.ApplicationContext log
INFO: Manager: undeploy: Undeploying web application at '/MVC'
Sep 04, 2018 1:59:13 PM org.apache.catalina.core.ApplicationContext log
INFO: Manager: install: Installing context configuration at 'file:/C:/Users/IG264C~1/AppData/Local/Temp/context412212236402006831.xml'
Sep 04, 2018 1:59:14 PM org.apache.catalina.core.ApplicationContext log
INFO: Manager: start: Starting web application '/MVC'
Sep 04, 2018 2:00:04 PM org.apache.catalina.core.ApplicationContext log
INFO: Manager: list: Listing contexts for virtual host 'localhost'
Sep 04, 2018 2:00:04 PM org.apache.catalina.core.ApplicationContext log
INFO: Manager: list: Listing contexts for virtual host 'localhost'
Sep 04, 2018 2:00:09 PM org.apache.catalina.core.ApplicationContext log
INFO: Manager: list: Listing contexts for virtual host 'localhost'
Sep 04, 2018 2:00:09 PM org.apache.catalina.core.ApplicationContext log
INFO: Manager: list: Listing contexts for virtual host 'localhost'
Sep 04, 2018 2:00:09 PM org.apache.catalina.core.ApplicationContext log
INFO: Manager: undeploy: Undeploying web application at '/MVC'
Sep 04, 2018 2:00:10 PM org.apache.catalina.core.ApplicationContext log
INFO: Manager: install: Installing context configuration at 'file:/C:/Users/IG264C~1/AppData/Local/Temp/context8243435431066439505.xml'
Sep 04, 2018 2:00:10 PM org.apache.catalina.core.ApplicationContext log
INFO: Manager: start: Starting web application '/MVC'
Sep 04, 2018 2:00:17 PM org.apache.catalina.core.ApplicationContext log
INFO: Manager: list: Listing contexts for virtual host 'localhost'
Sep 04, 2018 2:00:17 PM org.apache.catalina.core.ApplicationContext log
INFO: Manager: list: Listing contexts for virtual host 'localhost'
Sep 04, 2018 2:00:17 PM org.apache.catalina.core.ApplicationContext log
INFO: Manager: undeploy: Undeploying web application at '/MVC'
Sep 04, 2018 2:00:17 PM org.apache.catalina.core.ApplicationContext log
INFO: Manager: install: Installing context configuration at 'file:/C:/Users/IG264C~1/AppData/Local/Temp/context4612416013376414691.xml'
Sep 04, 2018 2:00:17 PM org.apache.catalina.core.ApplicationContext log
INFO: Manager: start: Starting web application '/MVC'
Sep 04, 2018 2:00:22 PM org.apache.catalina.core.ApplicationContext log
INFO: Manager: list: Listing contexts for virtual host 'localhost'
Sep 04, 2018 2:00:22 PM org.apache.catalina.core.ApplicationContext log
INFO: Manager: list: Listing contexts for virtual host 'localhost'
Sep 04, 2018 2:00:22 PM org.apache.catalina.core.ApplicationContext log
INFO: Manager: undeploy: Undeploying web application at '/MVC'
Sep 04, 2018 2:00:23 PM org.apache.catalina.core.ApplicationContext log
INFO: Manager: install: Installing context configuration at 'file:/C:/Users/IG264C~1/AppData/Local/Temp/context8801971913209481743.xml'
Sep 04, 2018 2:00:23 PM org.apache.catalina.core.ApplicationContext log
INFO: Manager: start: Starting web application '/MVC'
Sep 04, 2018 2:00:47 PM org.apache.catalina.core.ApplicationContext log
INFO: Manager: list: Listing contexts for virtual host 'localhost'
Sep 04, 2018 2:00:47 PM org.apache.catalina.core.ApplicationContext log
INFO: Manager: list: Listing contexts for virtual host 'localhost'
Sep 04, 2018 2:00:47 PM org.apache.catalina.core.ApplicationContext log
INFO: Manager: undeploy: Undeploying web application at '/MVC'
Sep 04, 2018 2:00:48 PM org.apache.catalina.core.ApplicationContext log
INFO: Manager: install: Installing context configuration at 'file:/C:/Users/IG264C~1/AppData/Local/Temp/context6810886233624282033.xml'
Sep 04, 2018 2:00:48 PM org.apache.catalina.core.ApplicationContext log
INFO: Manager: start: Starting web application '/MVC'
Sep 04, 2018 2:01:26 PM org.apache.catalina.core.ApplicationContext log
INFO: Manager: list: Listing contexts for virtual host 'localhost'
Sep 04, 2018 2:01:26 PM org.apache.catalina.core.ApplicationContext log
INFO: Manager: undeploy: Undeploying web application at '/MVC'
Sep 04, 2018 2:01:30 PM org.apache.catalina.core.ApplicationContext log
INFO: Manager: list: Listing contexts for virtual host 'localhost'
Sep 04, 2018 2:01:30 PM org.apache.catalina.core.ApplicationContext log
INFO: Manager: list: Listing contexts for virtual host 'localhost'
Sep 04, 2018 2:01:30 PM org.apache.catalina.core.ApplicationContext log
INFO: Manager: install: Installing context configuration at 'file:/C:/Users/IG264C~1/AppData/Local/Temp/context3355571427836488456.xml'
Sep 04, 2018 2:01:30 PM org.apache.catalina.core.ApplicationContext log
INFO: Manager: start: Starting web application '/MVC'
Sep 04, 2018 2:02:55 PM org.apache.catalina.core.ApplicationContext log
INFO: Manager: list: Listing contexts for virtual host 'localhost'
Sep 04, 2018 2:02:55 PM org.apache.catalina.core.ApplicationContext log
INFO: Manager: list: Listing contexts for virtual host 'localhost'
Sep 04, 2018 2:02:55 PM org.apache.catalina.core.ApplicationContext log
INFO: Manager: undeploy: Undeploying web application at '/MVC'
Sep 04, 2018 2:02:55 PM org.apache.catalina.core.ApplicationContext log
INFO: Manager: install: Installing context configuration at 'file:/C:/Users/IG264C~1/AppData/Local/Temp/context6557624940419364764.xml'
Sep 04, 2018 2:02:55 PM org.apache.catalina.core.ApplicationContext log
INFO: Manager: start: Starting web application '/MVC'
Sep 04, 2018 2:05:02 PM org.apache.catalina.core.ApplicationContext log
INFO: Manager: list: Listing contexts for virtual host 'localhost'
Sep 04, 2018 2:05:02 PM org.apache.catalina.core.ApplicationContext log
INFO: Manager: list: Listing contexts for virtual host 'localhost'
Sep 04, 2018 2:09:19 PM org.apache.catalina.core.ApplicationContext log
INFO: Manager: list: Listing contexts for virtual host 'localhost'
Sep 04, 2018 2:09:24 PM org.apache.catalina.core.ApplicationContext log
INFO: Manager: list: Listing contexts for virtual host 'localhost'
Sep 04, 2018 2:09:24 PM org.apache.catalina.core.ApplicationContext log
INFO: Manager: list: Listing contexts for virtual host 'localhost'
Sep 04, 2018 2:09:53 PM org.apache.catalina.core.ApplicationContext log
INFO: Manager: list: Listing contexts for virtual host 'localhost'
Sep 04, 2018 2:09:53 PM org.apache.catalina.core.ApplicationContext log
INFO: Manager: list: Listing contexts for virtual host 'localhost'
Sep 04, 2018 2:11:57 PM org.apache.catalina.core.ApplicationContext log
INFO: Manager: list: Listing contexts for virtual host 'localhost'
Sep 04, 2018 2:11:57 PM org.apache.catalina.core.ApplicationContext log
INFO: Manager: list: Listing contexts for virtual host 'localhost'
Sep 04, 2018 2:12:58 PM org.apache.catalina.core.ApplicationContext log
INFO: Manager: list: Listing contexts for virtual host 'localhost'
Sep 04, 2018 2:12:58 PM org.apache.catalina.core.ApplicationContext log
INFO: Manager: list: Listing contexts for virtual host 'localhost'
Sep 04, 2018 2:12:58 PM org.apache.catalina.core.ApplicationContext log
INFO: Manager: undeploy: Undeploying web application at '/MVC'
Sep 04, 2018 2:12:58 PM org.apache.catalina.core.ApplicationContext log
INFO: Manager: install: Installing context configuration at 'file:/C:/Users/IG264C~1/AppData/Local/Temp/context3598719589719733510.xml'
Sep 04, 2018 2:12:58 PM org.apache.catalina.core.ApplicationContext log
INFO: Manager: start: Starting web application '/MVC'
Sep 04, 2018 2:14:35 PM org.apache.catalina.core.ApplicationContext log
INFO: Manager: list: Listing contexts for virtual host 'localhost'
Sep 04, 2018 2:14:35 PM org.apache.catalina.core.ApplicationContext log
INFO: Manager: list: Listing contexts for virtual host 'localhost'
Sep 04, 2018 2:15:11 PM org.apache.catalina.core.ApplicationContext log
INFO: Manager: list: Listing contexts for virtual host 'localhost'
Sep 04, 2018 2:15:11 PM org.apache.catalina.core.ApplicationContext log
INFO: Manager: restart: Reloading web application '/MVC'
Sep 04, 2018 2:15:12 PM org.apache.catalina.core.ApplicationContext log
INFO: Manager: list: Listing contexts for virtual host 'localhost'
Sep 04, 2018 2:15:12 PM org.apache.catalina.core.ApplicationContext log
INFO: Manager: list: Listing contexts for virtual host 'localhost'
Sep 04, 2018 2:15:12 PM org.apache.catalina.core.ApplicationContext log
INFO: Manager: restart: Reloading web application '/MVC'
Sep 04, 2018 2:19:03 PM org.apache.catalina.core.ApplicationContext log
INFO: Manager: list: Listing contexts for virtual host 'localhost'
Sep 04, 2018 2:19:06 PM org.apache.catalina.core.ApplicationContext log
INFO: Manager: list: Listing contexts for virtual host 'localhost'
Sep 04, 2018 2:19:06 PM org.apache.catalina.core.ApplicationContext log
INFO: Manager: list: Listing contexts for virtual host 'localhost'
Sep 04, 2018 2:20:18 PM org.apache.catalina.core.ApplicationContext log
INFO: Manager: list: Listing contexts for virtual host 'localhost'
Sep 04, 2018 2:20:35 PM org.apache.catalina.core.ApplicationContext log
INFO: Manager: list: Listing contexts for virtual host 'localhost'
Sep 04, 2018 2:20:37 PM org.apache.catalina.core.ApplicationContext log
INFO: Manager: list: Listing contexts for virtual host 'localhost'
Sep 04, 2018 2:20:37 PM org.apache.catalina.core.ApplicationContext log
INFO: Manager: list: Listing contexts for virtual host 'localhost'
Sep 04, 2018 2:21:03 PM org.apache.catalina.core.ApplicationContext log
INFO: Manager: list: Listing contexts for virtual host 'localhost'
Sep 04, 2018 2:21:10 PM org.apache.catalina.core.ApplicationContext log
INFO: Manager: list: Listing contexts for virtual host 'localhost'
Sep 04, 2018 2:21:10 PM org.apache.catalina.core.ApplicationContext log
INFO: Manager: list: Listing contexts for virtual host 'localhost'
Sep 04, 2018 2:26:10 PM org.apache.catalina.core.ApplicationContext log
INFO: Manager: list: Listing contexts for virtual host 'localhost'
Sep 04, 2018 2:26:10 PM org.apache.catalina.core.ApplicationContext log
INFO: Manager: list: Listing contexts for virtual host 'localhost'
Sep 04, 2018 2:26:10 PM org.apache.catalina.core.ApplicationContext log
INFO: Manager: undeploy: Undeploying web application at '/MVC'
Sep 04, 2018 2:26:11 PM org.apache.catalina.core.ApplicationContext log
INFO: Manager: install: Installing context configuration at 'file:/C:/Users/IG264C~1/AppData/Local/Temp/context627362452266144688.xml'
Sep 04, 2018 2:26:11 PM org.apache.catalina.core.ApplicationContext log
INFO: Manager: start: Starting web application '/MVC'
Sep 04, 2018 2:26:43 PM org.apache.catalina.core.ApplicationContext log
INFO: Manager: list: Listing contexts for virtual host 'localhost'
Sep 04, 2018 2:26:43 PM org.apache.catalina.core.ApplicationContext log
INFO: Manager: list: Listing contexts for virtual host 'localhost'
Sep 04, 2018 2:26:43 PM org.apache.catalina.core.ApplicationContext log
INFO: Manager: undeploy: Undeploying web application at '/MVC'
Sep 04, 2018 2:26:43 PM org.apache.catalina.core.ApplicationContext log
INFO: Manager: install: Installing context configuration at 'file:/C:/Users/IG264C~1/AppData/Local/Temp/context3999856676971374302.xml'
Sep 04, 2018 2:26:44 PM org.apache.catalina.core.ApplicationContext log
INFO: Manager: start: Starting web application '/MVC'
Sep 04, 2018 2:27:54 PM org.apache.catalina.core.ApplicationContext log
INFO: Manager: list: Listing contexts for virtual host 'localhost'
Sep 04, 2018 2:27:54 PM org.apache.catalina.core.ApplicationContext log
INFO: Manager: list: Listing contexts for virtual host 'localhost'
Sep 04, 2018 2:28:36 PM org.apache.catalina.core.ApplicationContext log
INFO: Manager: list: Listing contexts for virtual host 'localhost'
Sep 04, 2018 2:28:36 PM org.apache.catalina.core.ApplicationContext log
INFO: Manager: list: Listing contexts for virtual host 'localhost'
Sep 04, 2018 2:29:02 PM org.apache.catalina.core.ApplicationContext log
INFO: Manager: list: Listing contexts for virtual host 'localhost'
Sep 04, 2018 2:29:02 PM org.apache.catalina.core.ApplicationContext log
INFO: Manager: list: Listing contexts for virtual host 'localhost'
Sep 04, 2018 2:29:02 PM org.apache.catalina.core.ApplicationContext log
INFO: Manager: undeploy: Undeploying web application at '/MVC'
Sep 04, 2018 2:29:03 PM org.apache.catalina.core.ApplicationContext log
INFO: Manager: install: Installing context configuration at 'file:/C:/Users/IG264C~1/AppData/Local/Temp/context3767771759039060109.xml'
Sep 04, 2018 2:29:03 PM org.apache.catalina.core.ApplicationContext log
INFO: Manager: start: Starting web application '/MVC'
Sep 04, 2018 2:29:04 PM org.apache.catalina.core.ApplicationContext log
INFO: Manager: list: Listing contexts for virtual host 'localhost'
Sep 04, 2018 2:29:04 PM org.apache.catalina.core.ApplicationContext log
INFO: Manager: list: Listing contexts for virtual host 'localhost'
Sep 04, 2018 2:29:49 PM org.apache.catalina.core.ApplicationContext log
INFO: Manager: list: Listing contexts for virtual host 'localhost'
Sep 04, 2018 2:29:49 PM org.apache.catalina.core.ApplicationContext log
INFO: Manager: list: Listing contexts for virtual host 'localhost'
Sep 04, 2018 2:29:49 PM org.apache.catalina.core.ApplicationContext log
INFO: Manager: undeploy: Undeploying web application at '/MVC'
Sep 04, 2018 2:29:49 PM org.apache.catalina.core.ApplicationContext log
INFO: Manager: install: Installing context configuration at 'file:/C:/Users/IG264C~1/AppData/Local/Temp/context7999917888698636373.xml'
Sep 04, 2018 2:29:50 PM org.apache.catalina.core.ApplicationContext log
INFO: Manager: start: Starting web application '/MVC'
Sep 04, 2018 2:33:32 PM org.apache.catalina.core.ApplicationContext log
INFO: Manager: list: Listing contexts for virtual host 'localhost'
Sep 04, 2018 2:33:32 PM org.apache.catalina.core.ApplicationContext log
INFO: Manager: restart: Reloading web application '/MVC'
Sep 04, 2018 2:33:57 PM org.apache.catalina.core.ApplicationContext log
INFO: Manager: list: Listing contexts for virtual host 'localhost'
Sep 04, 2018 2:33:57 PM org.apache.catalina.core.ApplicationContext log
INFO: Manager: list: Listing contexts for virtual host 'localhost'
Sep 04, 2018 2:33:57 PM org.apache.catalina.core.ApplicationContext log
INFO: Manager: restart: Reloading web application '/MVC'
